# JRE version: Java(TM) SE Runtime Environment (8.0_212-b10) (build 1.8.0_212-b10)
# Java VM: Java HotSpot(TM) 64-Bit Server VM (25.212-b10 mixed mode linux-aarch64 compressed oops)
Heap:
 PSYoungGen      total 158720K, used 155685K [0x00000000d7f80000, 0x00000000e6280000, 0x0000000100000000)
  eden space 139264K, 97% used [0x00000000d7f80000,0x00000000e048cce8,0x00000000e0780000)
  from space 19456K, 99% used [0x00000000e2100000,0x00000000e33fc9b8,0x00000000e3400000)
  to   space 26112K, 0% used [0x00000000e0780000,0x00000000e0780000,0x00000000e2100000)
 ParOldGen       total 113664K, used 35031K [0x0000000087e00000, 0x000000008ed00000, 0x00000000d7f80000)
  object space 113664K, 30% used [0x0000000087e00000,0x000000008a035ce8,0x000000008ed00000)
 Metaspace       used 48267K, capacity 49220K, committed 49408K, reserved 1091584K
  class space    used 6286K, capacity 6560K, committed 6656K, reserved 1048576K
GC Heap History (10 events):
Event: 3.596 GC heap before
{Heap before GC invocations=4 (full 1):
 PSYoungGen      total 67584K, used 5114K [0x00000000d7f80000, 0x00000000e0380000, 0x0000000100000000)
  eden space 62464K, 0% used [0x00000000d7f80000,0x00000000d7f80000,0x00000000dbc80000)
  from space 5120K, 99% used [0x00000000dbc80000,0x00000000dc17ead8,0x00000000dc180000)
  to   space 5120K, 0% used [0x00000000dfe80000,0x00000000dfe80000,0x00000000e0380000)
 ParOldGen       total 83456K, used 18132K [0x0000000087e00000, 0x000000008cf80000, 0x00000000d7f80000)
  object space 83456K, 21% used [0x0000000087e00000,0x0000000088fb5370,0x000000008cf80000)
 Metaspace       used 20614K, capacity 21056K, committed 21248K, reserved 1067008K
  class space    used 2541K, capacity 2690K, committed 2816K, reserved 1048576K
Event: 3.673 GC heap after
Heap after GC invocations=4 (full 1):
 PSYoungGen      total 67584K, used 0K [0x00000000d7f80000, 0x00000000e0380000, 0x0000000100000000)
  eden space 62464K, 0% used [0x00000000d7f80000,0x00000000d7f80000,0x00000000dbc80000)
  from space 5120K, 0% used [0x00000000dbc80000,0x00000000dbc80000,0x00000000dc180000)
  to   space 5120K, 0% used [0x00000000dfe80000,0x00000000dfe80000,0x00000000e0380000)
 ParOldGen       total 75264K, used 16408K [0x0000000087e00000, 0x000000008c780000, 0x00000000d7f80000)
  object space 75264K, 21% used [0x0000000087e00000,0x0000000088e06118,0x000000008c780000)
 Metaspace       used 20614K, capacity 21056K, committed 21248K, reserved 1067008K
  class space    used 2541K, capacity 2690K, committed 2816K, reserved 1048576K
}
Event: 5.972 GC heap before
{Heap before GC invocations=5 (full 1):
 PSYoungGen      total 67584K, used 62464K [0x00000000d7f80000, 0x00000000e0380000, 0x0000000100000000)
  eden space 62464K, 100% used [0x00000000d7f80000,0x00000000dbc80000,0x00000000dbc80000)
  from space 5120K, 0% used [0x00000000dbc80000,0x00000000dbc80000,0x00000000dc180000)
  to   space 5120K, 0% used [0x00000000dfe80000,0x00000000dfe80000,0x00000000e0380000)
 ParOldGen       total 75264K, used 16408K [0x0000000087e00000, 0x000000008c780000, 0x00000000d7f80000)
  object space 75264K, 21% used [0x0000000087e00000,0x0000000088e06118,0x000000008c780000)
 Metaspace       used 29044K, capacity 29586K, committed 29952K, reserved 1075200K
  class space    used 4075K, capacity 4251K, committed 4352K, reserved 1048576K
Event: 6.009 GC heap after
Heap after GC invocations=5 (full 1):
 PSYoungGen      total 99840K, used 5112K [0x00000000d7f80000, 0x00000000e0380000, 0x0000000100000000)
  eden space 94720K, 0% used [0x00000000d7f80000,0x00000000d7f80000,0x00000000ddc00000)
  from space 5120K, 99% used [0x00000000dfe80000,0x00000000e037e110,0x00000000e0380000)
  to   space 5120K, 0% used [0x00000000df980000,0x00000000df980000,0x00000000dfe80000)
 ParOldGen       total 75264K, used 25464K [0x0000000087e00000, 0x000000008c780000, 0x00000000d7f80000)
  object space 75264K, 33% used [0x0000000087e00000,0x00000000896de010,0x000000008c780000)
 Metaspace       used 29044K, capacity 29586K, committed 29952K, reserved 1075200K
  class space    used 4075K, capacity 4251K, committed 4352K, reserved 1048576K
}
Event: 7.063 GC heap before
{Heap before GC invocations=6 (full 1):
 PSYoungGen      total 99840K, used 44768K [0x00000000d7f80000, 0x00000000e0380000, 0x0000000100000000)
  eden space 94720K, 41% used [0x00000000d7f80000,0x00000000da63a278,0x00000000ddc00000)
  from space 5120K, 99% used [0x00000000dfe80000,0x00000000e037e110,0x00000000e0380000)
  to   space 5120K, 0% used [0x00000000df980000,0x00000000df980000,0x00000000dfe80000)
 ParOldGen       total 75264K, used 25464K [0x0000000087e00000, 0x000000008c780000, 0x00000000d7f80000)
  object space 75264K, 33% used [0x0000000087e00000,0x00000000896de010,0x000000008c780000)
 Metaspace       used 34685K, capacity 35218K, committed 35416K, reserved 1079296K
  class space    used 4634K, capacity 4801K, committed 4864K, reserved 1048576K
Event: 7.099 GC heap after
Heap after GC invocations=6 (full 1):
 PSYoungGen      total 130048K, used 5092K [0x00000000d7f80000, 0x00000000e3400000, 0x0000000100000000)
  eden space 124928K, 0% used [0x00000000d7f80000,0x00000000d7f80000,0x00000000df980000)
  from space 5120K, 99% used [0x00000000df980000,0x00000000dfe790f0,0x00000000dfe80000)
  to   space 19456K, 0% used [0x00000000e2100000,0x00000000e2100000,0x00000000e3400000)
 ParOldGen       total 75264K, used 35662K [0x0000000087e00000, 0x000000008c780000, 0x00000000d7f80000)
  object space 75264K, 47% used [0x0000000087e00000,0x000000008a0d39f8,0x000000008c780000)
 Metaspace       used 34685K, capacity 35218K, committed 35416K, reserved 1079296K
  class space    used 4634K, capacity 4801K, committed 4864K, reserved 1048576K
}
Event: 7.099 GC heap before
{Heap before GC invocations=7 (full 2):
 PSYoungGen      total 130048K, used 5092K [0x00000000d7f80000, 0x00000000e3400000, 0x0000000100000000)
  eden space 124928K, 0% used [0x00000000d7f80000,0x00000000d7f80000,0x00000000df980000)
  from space 5120K, 99% used [0x00000000df980000,0x00000000dfe790f0,0x00000000dfe80000)
  to   space 19456K, 0% used [0x00000000e2100000,0x00000000e2100000,0x00000000e3400000)
 ParOldGen       total 75264K, used 35662K [0x0000000087e00000, 0x000000008c780000, 0x00000000d7f80000)
  object space 75264K, 47% used [0x0000000087e00000,0x000000008a0d39f8,0x000000008c780000)
 Metaspace       used 34685K, capacity 35218K, committed 35416K, reserved 1079296K
  class space    used 4634K, capacity 4801K, committed 4864K, reserved 1048576K
Event: 7.210 GC heap after
Heap after GC invocations=7 (full 2):
 PSYoungGen      total 130048K, used 0K [0x00000000d7f80000, 0x00000000e3400000, 0x0000000100000000)
  eden space 124928K, 0% used [0x00000000d7f80000,0x00000000d7f80000,0x00000000df980000)
  from space 5120K, 0% used [0x00000000df980000,0x00000000df980000,0x00000000dfe80000)
  to   space 19456K, 0% used [0x00000000e2100000,0x00000000e2100000,0x00000000e3400000)
 ParOldGen       total 113664K, used 28906K [0x0000000087e00000, 0x000000008ed00000, 0x00000000d7f80000)
  object space 113664K, 25% used [0x0000000087e00000,0x0000000089a3ab48,0x000000008ed00000)
 Metaspace       used 34685K, capacity 35218K, committed 35416K, reserved 1079296K
  class space    used 4634K, capacity 4801K, committed 4864K, reserved 1048576K
}
Event: 13.322 GC heap before
{Heap before GC invocations=8 (full 2):
 PSYoungGen      total 130048K, used 124928K [0x00000000d7f80000, 0x00000000e3400000, 0x0000000100000000)
  eden space 124928K, 100% used [0x00000000d7f80000,0x00000000df980000,0x00000000df980000)
  from space 5120K, 0% used [0x00000000df980000,0x00000000df980000,0x00000000dfe80000)
  to   space 19456K, 0% used [0x00000000e2100000,0x00000000e2100000,0x00000000e3400000)
 ParOldGen       total 113664K, used 28906K [0x0000000087e00000, 0x000000008ed00000, 0x00000000d7f80000)
  object space 113664K, 25% used [0x0000000087e00000,0x0000000089a3ab48,0x000000008ed00000)
 Metaspace       used 42886K, capacity 43612K, committed 44032K, reserved 1087488K
  class space    used 5616K, capacity 5836K, committed 5888K, reserved 1048576K
Event: 13.369 GC heap after
Heap after GC invocations=8 (full 2):
 PSYoungGen      total 158720K, used 19442K [0x00000000d7f80000, 0x00000000e6280000, 0x0000000100000000)
  eden space 139264K, 0% used [0x00000000d7f80000,0x00000000d7f80000,0x00000000e0780000)
  from space 19456K, 99% used [0x00000000e2100000,0x00000000e33fc9b8,0x00000000e3400000)
  to   space 26112K, 0% used [0x00000000e0780000,0x00000000e0780000,0x00000000e2100000)
 ParOldGen       total 113664K, used 35031K [0x0000000087e00000, 0x000000008ed00000, 0x00000000d7f80000)
  object space 113664K, 30% used [0x0000000087e00000,0x000000008a035ce8,0x000000008ed00000)
 Metaspace       used 42886K, capacity 43612K, committed 44032K, reserved 1087488K
  class space    used 5616K, capacity 5836K, committed 5888K, reserved 1048576K
}

