# JRE version: Java(TM) SE Runtime Environment (8.0_212-b10) (build 1.8.0_212-b10)
# Java VM: Java HotSpot(TM) 64-Bit Server VM (25.212-b10 mixed mode linux-aarch64 compressed oops)
Heap:
 PSYoungGen      total 161280K, used 122173K [0x00000000d7f80000, 0x00000000e5e80000, 0x0000000100000000)
  eden space 141824K, 72% used [0x00000000d7f80000,0x00000000de3d0c70,0x00000000e0a00000)
  from space 19456K, 99% used [0x00000000e2300000,0x00000000e35fe9d8,0x00000000e3600000)
  to   space 25600K, 0% used [0x00000000e0a00000,0x00000000e0a00000,0x00000000e2300000)
 ParOldGen       total 113152K, used 34591K [0x0000000087e00000, 0x000000008ec80000, 0x00000000d7f80000)
  object space 113152K, 30% used [0x0000000087e00000,0x0000000089fc7d60,0x000000008ec80000)
 Metaspace       used 47441K, capacity 48362K, committed 48512K, reserved 1091584K
  class space    used 6196K, capacity 6447K, committed 6528K, reserved 1048576K
GC Heap History (10 events):
Event: 3.755 GC heap before
{Heap before GC invocations=4 (full 1):
 PSYoungGen      total 67584K, used 5098K [0x00000000d7f80000, 0x00000000e0380000, 0x0000000100000000)
  eden space 62464K, 0% used [0x00000000d7f80000,0x00000000d7f80000,0x00000000dbc80000)
  from space 5120K, 99% used [0x00000000dbc80000,0x00000000dc17aac8,0x00000000dc180000)
  to   space 5120K, 0% used [0x00000000dfe80000,0x00000000dfe80000,0x00000000e0380000)
 ParOldGen       total 83456K, used 18134K [0x0000000087e00000, 0x000000008cf80000, 0x00000000d7f80000)
  object space 83456K, 21% used [0x0000000087e00000,0x0000000088fb58e0,0x000000008cf80000)
 Metaspace       used 20614K, capacity 21056K, committed 21248K, reserved 1067008K
  class space    used 2541K, capacity 2690K, committed 2816K, reserved 1048576K
Event: 3.821 GC heap after
Heap after GC invocations=4 (full 1):
 PSYoungGen      total 67584K, used 0K [0x00000000d7f80000, 0x00000000e0380000, 0x0000000100000000)
  eden space 62464K, 0% used [0x00000000d7f80000,0x00000000d7f80000,0x00000000dbc80000)
  from space 5120K, 0% used [0x00000000dbc80000,0x00000000dbc80000,0x00000000dc180000)
  to   space 5120K, 0% used [0x00000000dfe80000,0x00000000dfe80000,0x00000000e0380000)
 ParOldGen       total 74752K, used 16409K [0x0000000087e00000, 0x000000008c700000, 0x00000000d7f80000)
  object space 74752K, 21% used [0x0000000087e00000,0x0000000088e06508,0x000000008c700000)
 Metaspace       used 20614K, capacity 21056K, committed 21248K, reserved 1067008K
  class space    used 2541K, capacity 2690K, committed 2816K, reserved 1048576K
}
Event: 6.254 GC heap before
{Heap before GC invocations=5 (full 1):
 PSYoungGen      total 67584K, used 62464K [0x00000000d7f80000, 0x00000000e0380000, 0x0000000100000000)
  eden space 62464K, 100% used [0x00000000d7f80000,0x00000000dbc80000,0x00000000dbc80000)
  from space 5120K, 0% used [0x00000000dbc80000,0x00000000dbc80000,0x00000000dc180000)
  to   space 5120K, 0% used [0x00000000dfe80000,0x00000000dfe80000,0x00000000e0380000)
 ParOldGen       total 74752K, used 16409K [0x0000000087e00000, 0x000000008c700000, 0x00000000d7f80000)
  object space 74752K, 21% used [0x0000000087e00000,0x0000000088e06508,0x000000008c700000)
 Metaspace       used 29143K, capacity 29650K, committed 29952K, reserved 1075200K
  class space    used 4086K, capacity 4251K, committed 4352K, reserved 1048576K
Event: 6.296 GC heap after
Heap after GC invocations=5 (full 1):
 PSYoungGen      total 101888K, used 5112K [0x00000000d7f80000, 0x00000000e0380000, 0x0000000100000000)
  eden space 96768K, 0% used [0x00000000d7f80000,0x00000000d7f80000,0x00000000dde00000)
  from space 5120K, 99% used [0x00000000dfe80000,0x00000000e037e110,0x00000000e0380000)
  to   space 5120K, 0% used [0x00000000df980000,0x00000000df980000,0x00000000dfe80000)
 ParOldGen       total 74752K, used 25625K [0x0000000087e00000, 0x000000008c700000, 0x00000000d7f80000)
  object space 74752K, 34% used [0x0000000087e00000,0x0000000089706530,0x000000008c700000)
 Metaspace       used 29143K, capacity 29650K, committed 29952K, reserved 1075200K
  class space    used 4086K, capacity 4251K, committed 4352K, reserved 1048576K
}
Event: 7.395 GC heap before
{Heap before GC invocations=6 (full 1):
 PSYoungGen      total 101888K, used 44014K [0x00000000d7f80000, 0x00000000e0380000, 0x0000000100000000)
  eden space 96768K, 40% used [0x00000000d7f80000,0x00000000da57da60,0x00000000dde00000)
  from space 5120K, 99% used [0x00000000dfe80000,0x00000000e037e110,0x00000000e0380000)
  to   space 5120K, 0% used [0x00000000df980000,0x00000000df980000,0x00000000dfe80000)
 ParOldGen       total 74752K, used 25625K [0x0000000087e00000, 0x000000008c700000, 0x00000000d7f80000)
  object space 74752K, 34% used [0x0000000087e00000,0x0000000089706530,0x000000008c700000)
 Metaspace       used 34683K, capacity 35218K, committed 35416K, reserved 1079296K
  class space    used 4633K, capacity 4801K, committed 4864K, reserved 1048576K
Event: 7.413 GC heap after
Heap after GC invocations=6 (full 1):
 PSYoungGen      total 130048K, used 5116K [0x00000000d7f80000, 0x00000000e3600000, 0x0000000100000000)
  eden space 124928K, 0% used [0x00000000d7f80000,0x00000000d7f80000,0x00000000df980000)
  from space 5120K, 99% used [0x00000000df980000,0x00000000dfe7f0d0,0x00000000dfe80000)
  to   space 19456K, 0% used [0x00000000e2300000,0x00000000e2300000,0x00000000e3600000)
 ParOldGen       total 74752K, used 35581K [0x0000000087e00000, 0x000000008c700000, 0x00000000d7f80000)
  object space 74752K, 47% used [0x0000000087e00000,0x000000008a0bf4b8,0x000000008c700000)
 Metaspace       used 34683K, capacity 35218K, committed 35416K, reserved 1079296K
  class space    used 4633K, capacity 4801K, committed 4864K, reserved 1048576K
}
Event: 7.413 GC heap before
{Heap before GC invocations=7 (full 2):
 PSYoungGen      total 130048K, used 5116K [0x00000000d7f80000, 0x00000000e3600000, 0x0000000100000000)
  eden space 124928K, 0% used [0x00000000d7f80000,0x00000000d7f80000,0x00000000df980000)
  from space 5120K, 99% used [0x00000000df980000,0x00000000dfe7f0d0,0x00000000dfe80000)
  to   space 19456K, 0% used [0x00000000e2300000,0x00000000e2300000,0x00000000e3600000)
 ParOldGen       total 74752K, used 35581K [0x0000000087e00000, 0x000000008c700000, 0x00000000d7f80000)
  object space 74752K, 47% used [0x0000000087e00000,0x000000008a0bf4b8,0x000000008c700000)
 Metaspace       used 34683K, capacity 35218K, committed 35416K, reserved 1079296K
  class space    used 4633K, capacity 4801K, committed 4864K, reserved 1048576K
Event: 7.513 GC heap after
Heap after GC invocations=7 (full 2):
 PSYoungGen      total 130048K, used 0K [0x00000000d7f80000, 0x00000000e3600000, 0x0000000100000000)
  eden space 124928K, 0% used [0x00000000d7f80000,0x00000000d7f80000,0x00000000df980000)
  from space 5120K, 0% used [0x00000000df980000,0x00000000df980000,0x00000000dfe80000)
  to   space 19456K, 0% used [0x00000000e2300000,0x00000000e2300000,0x00000000e3600000)
 ParOldGen       total 113152K, used 28713K [0x0000000087e00000, 0x000000008ec80000, 0x00000000d7f80000)
  object space 113152K, 25% used [0x0000000087e00000,0x0000000089a0a698,0x000000008ec80000)
 Metaspace       used 34683K, capacity 35218K, committed 35416K, reserved 1079296K
  class space    used 4633K, capacity 4801K, committed 4864K, reserved 1048576K
}
Event: 13.597 GC heap before
{Heap before GC invocations=8 (full 2):
 PSYoungGen      total 130048K, used 124928K [0x00000000d7f80000, 0x00000000e3600000, 0x0000000100000000)
  eden space 124928K, 100% used [0x00000000d7f80000,0x00000000df980000,0x00000000df980000)
  from space 5120K, 0% used [0x00000000df980000,0x00000000df980000,0x00000000dfe80000)
  to   space 19456K, 0% used [0x00000000e2300000,0x00000000e2300000,0x00000000e3600000)
 ParOldGen       total 113152K, used 28713K [0x0000000087e00000, 0x000000008ec80000, 0x00000000d7f80000)
  object space 113152K, 25% used [0x0000000087e00000,0x0000000089a0a698,0x000000008ec80000)
 Metaspace       used 42880K, capacity 43612K, committed 44032K, reserved 1087488K
  class space    used 5616K, capacity 5836K, committed 5888K, reserved 1048576K
Event: 13.628 GC heap after
Heap after GC invocations=8 (full 2):
 PSYoungGen      total 161280K, used 19450K [0x00000000d7f80000, 0x00000000e5e80000, 0x0000000100000000)
  eden space 141824K, 0% used [0x00000000d7f80000,0x00000000d7f80000,0x00000000e0a00000)
  from space 19456K, 99% used [0x00000000e2300000,0x00000000e35fe9d8,0x00000000e3600000)
  to   space 25600K, 0% used [0x00000000e0a00000,0x00000000e0a00000,0x00000000e2300000)
 ParOldGen       total 113152K, used 34591K [0x0000000087e00000, 0x000000008ec80000, 0x00000000d7f80000)
  object space 113152K, 30% used [0x0000000087e00000,0x0000000089fc7d60,0x000000008ec80000)
 Metaspace       used 42880K, capacity 43612K, committed 44032K, reserved 1087488K
  class space    used 5616K, capacity 5836K, committed 5888K, reserved 1048576K
}

