# JRE version: Java(TM) SE Runtime Environment (8.0_212-b10) (build 1.8.0_212-b10)
# Java VM: Java HotSpot(TM) 64-Bit Server VM (25.212-b10 mixed mode linux-aarch64 compressed oops)
Heap:
 PSYoungGen      total 160256K, used 28743K [0x00000000d7f80000, 0x00000000e7480000, 0x0000000100000000)
  eden space 134144K, 1% used [0x00000000d7f80000,0x00000000d8215010,0x00000000e0280000)
  from space 26112K, 99% used [0x00000000e0280000,0x00000000e1bfcf68,0x00000000e1c00000)
  to   space 34816K, 0% used [0x00000000e5280000,0x00000000e5280000,0x00000000e7480000)
 ParOldGen       total 118784K, used 44211K [0x0000000087e00000, 0x000000008f200000, 0x00000000d7f80000)
  object space 118784K, 37% used [0x0000000087e00000,0x000000008a92cf00,0x000000008f200000)
 Metaspace       used 48255K, capacity 49156K, committed 49408K, reserved 1091584K
  class space    used 6286K, capacity 6560K, committed 6656K, reserved 1048576K
GC Heap History (10 events):
Event: 6.190 GC heap before
{Heap before GC invocations=5 (full 1):
 PSYoungGen      total 67584K, used 62464K [0x00000000d7f80000, 0x00000000e0380000, 0x0000000100000000)
  eden space 62464K, 100% used [0x00000000d7f80000,0x00000000dbc80000,0x00000000dbc80000)
  from space 5120K, 0% used [0x00000000dbc80000,0x00000000dbc80000,0x00000000dc180000)
  to   space 5120K, 0% used [0x00000000dfe80000,0x00000000dfe80000,0x00000000e0380000)
 ParOldGen       total 77312K, used 16408K [0x0000000087e00000, 0x000000008c980000, 0x00000000d7f80000)
  object space 77312K, 21% used [0x0000000087e00000,0x0000000088e06118,0x000000008c980000)
 Metaspace       used 29149K, capacity 29650K, committed 29952K, reserved 1075200K
  class space    used 4086K, capacity 4251K, committed 4352K, reserved 1048576K
Event: 6.243 GC heap after
Heap after GC invocations=5 (full 1):
 PSYoungGen      total 97792K, used 5116K [0x00000000d7f80000, 0x00000000e0380000, 0x0000000100000000)
  eden space 92672K, 0% used [0x00000000d7f80000,0x00000000d7f80000,0x00000000dda00000)
  from space 5120K, 99% used [0x00000000dfe80000,0x00000000e037f0d0,0x00000000e0380000)
  to   space 5120K, 0% used [0x00000000df980000,0x00000000df980000,0x00000000dfe80000)
 ParOldGen       total 77312K, used 25639K [0x0000000087e00000, 0x000000008c980000, 0x00000000d7f80000)
  object space 77312K, 33% used [0x0000000087e00000,0x0000000089709fa8,0x000000008c980000)
 Metaspace       used 29149K, capacity 29650K, committed 29952K, reserved 1075200K
  class space    used 4086K, capacity 4251K, committed 4352K, reserved 1048576K
}
Event: 7.317 GC heap before
{Heap before GC invocations=6 (full 1):
 PSYoungGen      total 97792K, used 43928K [0x00000000d7f80000, 0x00000000e0380000, 0x0000000100000000)
  eden space 92672K, 41% used [0x00000000d7f80000,0x00000000da5671d8,0x00000000dda00000)
  from space 5120K, 99% used [0x00000000dfe80000,0x00000000e037f0d0,0x00000000e0380000)
  to   space 5120K, 0% used [0x00000000df980000,0x00000000df980000,0x00000000dfe80000)
 ParOldGen       total 77312K, used 25639K [0x0000000087e00000, 0x000000008c980000, 0x00000000d7f80000)
  object space 77312K, 33% used [0x0000000087e00000,0x0000000089709fa8,0x000000008c980000)
 Metaspace       used 34686K, capacity 35218K, committed 35416K, reserved 1079296K
  class space    used 4634K, capacity 4801K, committed 4864K, reserved 1048576K
Event: 7.351 GC heap after
Heap after GC invocations=6 (full 1):
 PSYoungGen      total 130048K, used 5092K [0x00000000d7f80000, 0x00000000e2f00000, 0x0000000100000000)
  eden space 124928K, 0% used [0x00000000d7f80000,0x00000000d7f80000,0x00000000df980000)
  from space 5120K, 99% used [0x00000000df980000,0x00000000dfe790f0,0x00000000dfe80000)
  to   space 19456K, 0% used [0x00000000e1c00000,0x00000000e1c00000,0x00000000e2f00000)
 ParOldGen       total 77312K, used 35600K [0x0000000087e00000, 0x000000008c980000, 0x00000000d7f80000)
  object space 77312K, 46% used [0x0000000087e00000,0x000000008a0c4050,0x000000008c980000)
 Metaspace       used 34686K, capacity 35218K, committed 35416K, reserved 1079296K
  class space    used 4634K, capacity 4801K, committed 4864K, reserved 1048576K
}
Event: 7.351 GC heap before
{Heap before GC invocations=7 (full 2):
 PSYoungGen      total 130048K, used 5092K [0x00000000d7f80000, 0x00000000e2f00000, 0x0000000100000000)
  eden space 124928K, 0% used [0x00000000d7f80000,0x00000000d7f80000,0x00000000df980000)
  from space 5120K, 99% used [0x00000000df980000,0x00000000dfe790f0,0x00000000dfe80000)
  to   space 19456K, 0% used [0x00000000e1c00000,0x00000000e1c00000,0x00000000e2f00000)
 ParOldGen       total 77312K, used 35600K [0x0000000087e00000, 0x000000008c980000, 0x00000000d7f80000)
  object space 77312K, 46% used [0x0000000087e00000,0x000000008a0c4050,0x000000008c980000)
 Metaspace       used 34686K, capacity 35218K, committed 35416K, reserved 1079296K
  class space    used 4634K, capacity 4801K, committed 4864K, reserved 1048576K
Event: 7.486 GC heap after
Heap after GC invocations=7 (full 2):
 PSYoungGen      total 130048K, used 0K [0x00000000d7f80000, 0x00000000e2f00000, 0x0000000100000000)
  eden space 124928K, 0% used [0x00000000d7f80000,0x00000000d7f80000,0x00000000df980000)
  from space 5120K, 0% used [0x00000000df980000,0x00000000df980000,0x00000000dfe80000)
  to   space 19456K, 0% used [0x00000000e1c00000,0x00000000e1c00000,0x00000000e2f00000)
 ParOldGen       total 118784K, used 28736K [0x0000000087e00000, 0x000000008f200000, 0x00000000d7f80000)
  object space 118784K, 24% used [0x0000000087e00000,0x0000000089a10230,0x000000008f200000)
 Metaspace       used 34686K, capacity 35218K, committed 35416K, reserved 1079296K
  class space    used 4634K, capacity 4801K, committed 4864K, reserved 1048576K
}
Event: 14.338 GC heap before
{Heap before GC invocations=8 (full 2):
 PSYoungGen      total 130048K, used 124928K [0x00000000d7f80000, 0x00000000e2f00000, 0x0000000100000000)
  eden space 124928K, 100% used [0x00000000d7f80000,0x00000000df980000,0x00000000df980000)
  from space 5120K, 0% used [0x00000000df980000,0x00000000df980000,0x00000000dfe80000)
  to   space 19456K, 0% used [0x00000000e1c00000,0x00000000e1c00000,0x00000000e2f00000)
 ParOldGen       total 118784K, used 28736K [0x0000000087e00000, 0x000000008f200000, 0x00000000d7f80000)
  object space 118784K, 24% used [0x0000000087e00000,0x0000000089a10230,0x000000008f200000)
 Metaspace       used 42891K, capacity 43612K, committed 44032K, reserved 1087488K
  class space    used 5616K, capacity 5836K, committed 5888K, reserved 1048576K
Event: 14.378 GC heap after
Heap after GC invocations=8 (full 2):
 PSYoungGen      total 153600K, used 19444K [0x00000000d7f80000, 0x00000000e5b80000, 0x0000000100000000)
  eden space 134144K, 0% used [0x00000000d7f80000,0x00000000d7f80000,0x00000000e0280000)
  from space 19456K, 99% used [0x00000000e1c00000,0x00000000e2efd1c0,0x00000000e2f00000)
  to   space 26112K, 0% used [0x00000000e0280000,0x00000000e0280000,0x00000000e1c00000)
 ParOldGen       total 118784K, used 34944K [0x0000000087e00000, 0x000000008f200000, 0x00000000d7f80000)
  object space 118784K, 29% used [0x0000000087e00000,0x000000008a0201a0,0x000000008f200000)
 Metaspace       used 42891K, capacity 43612K, committed 44032K, reserved 1087488K
  class space    used 5616K, capacity 5836K, committed 5888K, reserved 1048576K
}
Event: 22.789 GC heap before
{Heap before GC invocations=9 (full 2):
 PSYoungGen      total 153600K, used 153588K [0x00000000d7f80000, 0x00000000e5b80000, 0x0000000100000000)
  eden space 134144K, 100% used [0x00000000d7f80000,0x00000000e0280000,0x00000000e0280000)
  from space 19456K, 99% used [0x00000000e1c00000,0x00000000e2efd1c0,0x00000000e2f00000)
  to   space 26112K, 0% used [0x00000000e0280000,0x00000000e0280000,0x00000000e1c00000)
 ParOldGen       total 118784K, used 34944K [0x0000000087e00000, 0x000000008f200000, 0x00000000d7f80000)
  object space 118784K, 29% used [0x0000000087e00000,0x000000008a0201a0,0x000000008f200000)
 Metaspace       used 48231K, capacity 49156K, committed 49408K, reserved 1091584K
  class space    used 6284K, capacity 6560K, committed 6656K, reserved 1048576K
Event: 22.859 GC heap after
Heap after GC invocations=9 (full 2):
 PSYoungGen      total 160256K, used 26099K [0x00000000d7f80000, 0x00000000e7480000, 0x0000000100000000)
  eden space 134144K, 0% used [0x00000000d7f80000,0x00000000d7f80000,0x00000000e0280000)
  from space 26112K, 99% used [0x00000000e0280000,0x00000000e1bfcf68,0x00000000e1c00000)
  to   space 34816K, 0% used [0x00000000e5280000,0x00000000e5280000,0x00000000e7480000)
 ParOldGen       total 118784K, used 44211K [0x0000000087e00000, 0x000000008f200000, 0x00000000d7f80000)
  object space 118784K, 37% used [0x0000000087e00000,0x000000008a92cf00,0x000000008f200000)
 Metaspace       used 48231K, capacity 49156K, committed 49408K, reserved 1091584K
  class space    used 6284K, capacity 6560K, committed 6656K, reserved 1048576K
}

