# JRE version: Java(TM) SE Runtime Environment (8.0_212-b10) (build 1.8.0_212-b10)
# Java VM: Java HotSpot(TM) 64-Bit Server VM (25.212-b10 mixed mode linux-aarch64 compressed oops)
Heap:
 PSYoungGen      total 162816K, used 153988K [0x00000000d7f80000, 0x00000000e5b80000, 0x0000000100000000)
  eden space 143360K, 93% used [0x00000000d7f80000,0x00000000e02e7b58,0x00000000e0b80000)
  from space 19456K, 99% used [0x00000000e2500000,0x00000000e37f9580,0x00000000e3800000)
  to   space 26112K, 0% used [0x00000000e0b80000,0x00000000e0b80000,0x00000000e2500000)
 ParOldGen       total 114688K, used 35133K [0x0000000087e00000, 0x000000008ee00000, 0x00000000d7f80000)
  object space 114688K, 30% used [0x0000000087e00000,0x000000008a04f4f0,0x000000008ee00000)
 Metaspace       used 48258K, capacity 49156K, committed 49408K, reserved 1091584K
  class space    used 6286K, capacity 6560K, committed 6656K, reserved 1048576K
GC Heap History (10 events):
Event: 3.801 GC heap before
{Heap before GC invocations=4 (full 1):
 PSYoungGen      total 67584K, used 5098K [0x00000000d7f80000, 0x00000000e0380000, 0x0000000100000000)
  eden space 62464K, 0% used [0x00000000d7f80000,0x00000000d7f80000,0x00000000dbc80000)
  from space 5120K, 99% used [0x00000000dbc80000,0x00000000dc17aae8,0x00000000dc180000)
  to   space 5120K, 0% used [0x00000000dfe80000,0x00000000dfe80000,0x00000000e0380000)
 ParOldGen       total 83456K, used 18151K [0x0000000087e00000, 0x000000008cf80000, 0x00000000d7f80000)
  object space 83456K, 21% used [0x0000000087e00000,0x0000000088fb9c48,0x000000008cf80000)
 Metaspace       used 20615K, capacity 21056K, committed 21248K, reserved 1067008K
  class space    used 2541K, capacity 2690K, committed 2816K, reserved 1048576K
Event: 3.867 GC heap after
Heap after GC invocations=4 (full 1):
 PSYoungGen      total 67584K, used 0K [0x00000000d7f80000, 0x00000000e0380000, 0x0000000100000000)
  eden space 62464K, 0% used [0x00000000d7f80000,0x00000000d7f80000,0x00000000dbc80000)
  from space 5120K, 0% used [0x00000000dbc80000,0x00000000dbc80000,0x00000000dc180000)
  to   space 5120K, 0% used [0x00000000dfe80000,0x00000000dfe80000,0x00000000e0380000)
 ParOldGen       total 74240K, used 16408K [0x0000000087e00000, 0x000000008c680000, 0x00000000d7f80000)
  object space 74240K, 22% used [0x0000000087e00000,0x0000000088e06118,0x000000008c680000)
 Metaspace       used 20615K, capacity 21056K, committed 21248K, reserved 1067008K
  class space    used 2541K, capacity 2690K, committed 2816K, reserved 1048576K
}
Event: 6.157 GC heap before
{Heap before GC invocations=5 (full 1):
 PSYoungGen      total 67584K, used 62464K [0x00000000d7f80000, 0x00000000e0380000, 0x0000000100000000)
  eden space 62464K, 100% used [0x00000000d7f80000,0x00000000dbc80000,0x00000000dbc80000)
  from space 5120K, 0% used [0x00000000dbc80000,0x00000000dbc80000,0x00000000dc180000)
  to   space 5120K, 0% used [0x00000000dfe80000,0x00000000dfe80000,0x00000000e0380000)
 ParOldGen       total 74240K, used 16408K [0x0000000087e00000, 0x000000008c680000, 0x00000000d7f80000)
  object space 74240K, 22% used [0x0000000087e00000,0x0000000088e06118,0x000000008c680000)
 Metaspace       used 29041K, capacity 29522K, committed 29952K, reserved 1075200K
  class space    used 4074K, capacity 4251K, committed 4352K, reserved 1048576K
Event: 6.200 GC heap after
Heap after GC invocations=5 (full 1):
 PSYoungGen      total 102400K, used 5112K [0x00000000d7f80000, 0x00000000e0380000, 0x0000000100000000)
  eden space 97280K, 0% used [0x00000000d7f80000,0x00000000d7f80000,0x00000000dde80000)
  from space 5120K, 99% used [0x00000000dfe80000,0x00000000e037e110,0x00000000e0380000)
  to   space 5120K, 0% used [0x00000000df980000,0x00000000df980000,0x00000000dfe80000)
 ParOldGen       total 74240K, used 25479K [0x0000000087e00000, 0x000000008c680000, 0x00000000d7f80000)
  object space 74240K, 34% used [0x0000000087e00000,0x00000000896e1ea8,0x000000008c680000)
 Metaspace       used 29041K, capacity 29522K, committed 29952K, reserved 1075200K
  class space    used 4074K, capacity 4251K, committed 4352K, reserved 1048576K
}
Event: 7.316 GC heap before
{Heap before GC invocations=6 (full 1):
 PSYoungGen      total 102400K, used 43809K [0x00000000d7f80000, 0x00000000e0380000, 0x0000000100000000)
  eden space 97280K, 39% used [0x00000000d7f80000,0x00000000da54a450,0x00000000dde80000)
  from space 5120K, 99% used [0x00000000dfe80000,0x00000000e037e110,0x00000000e0380000)
  to   space 5120K, 0% used [0x00000000df980000,0x00000000df980000,0x00000000dfe80000)
 ParOldGen       total 74240K, used 25479K [0x0000000087e00000, 0x000000008c680000, 0x00000000d7f80000)
  object space 74240K, 34% used [0x0000000087e00000,0x00000000896e1ea8,0x000000008c680000)
 Metaspace       used 34685K, capacity 35218K, committed 35416K, reserved 1079296K
  class space    used 4634K, capacity 4801K, committed 4864K, reserved 1048576K
Event: 7.334 GC heap after
Heap after GC invocations=6 (full 1):
 PSYoungGen      total 130048K, used 5112K [0x00000000d7f80000, 0x00000000e3800000, 0x0000000100000000)
  eden space 124928K, 0% used [0x00000000d7f80000,0x00000000d7f80000,0x00000000df980000)
  from space 5120K, 99% used [0x00000000df980000,0x00000000dfe7e100,0x00000000dfe80000)
  to   space 19456K, 0% used [0x00000000e2500000,0x00000000e2500000,0x00000000e3800000)
 ParOldGen       total 74240K, used 35594K [0x0000000087e00000, 0x000000008c680000, 0x00000000d7f80000)
  object space 74240K, 47% used [0x0000000087e00000,0x000000008a0c29c8,0x000000008c680000)
 Metaspace       used 34685K, capacity 35218K, committed 35416K, reserved 1079296K
  class space    used 4634K, capacity 4801K, committed 4864K, reserved 1048576K
}
Event: 7.334 GC heap before
{Heap before GC invocations=7 (full 2):
 PSYoungGen      total 130048K, used 5112K [0x00000000d7f80000, 0x00000000e3800000, 0x0000000100000000)
  eden space 124928K, 0% used [0x00000000d7f80000,0x00000000d7f80000,0x00000000df980000)
  from space 5120K, 99% used [0x00000000df980000,0x00000000dfe7e100,0x00000000dfe80000)
  to   space 19456K, 0% used [0x00000000e2500000,0x00000000e2500000,0x00000000e3800000)
 ParOldGen       total 74240K, used 35594K [0x0000000087e00000, 0x000000008c680000, 0x00000000d7f80000)
  object space 74240K, 47% used [0x0000000087e00000,0x000000008a0c29c8,0x000000008c680000)
 Metaspace       used 34685K, capacity 35218K, committed 35416K, reserved 1079296K
  class space    used 4634K, capacity 4801K, committed 4864K, reserved 1048576K
Event: 7.467 GC heap after
Heap after GC invocations=7 (full 2):
 PSYoungGen      total 130048K, used 0K [0x00000000d7f80000, 0x00000000e3800000, 0x0000000100000000)
  eden space 124928K, 0% used [0x00000000d7f80000,0x00000000d7f80000,0x00000000df980000)
  from space 5120K, 0% used [0x00000000df980000,0x00000000df980000,0x00000000dfe80000)
  to   space 19456K, 0% used [0x00000000e2500000,0x00000000e2500000,0x00000000e3800000)
 ParOldGen       total 114688K, used 28902K [0x0000000087e00000, 0x000000008ee00000, 0x00000000d7f80000)
  object space 114688K, 25% used [0x0000000087e00000,0x0000000089a399b8,0x000000008ee00000)
 Metaspace       used 34685K, capacity 35218K, committed 35416K, reserved 1079296K
  class space    used 4634K, capacity 4801K, committed 4864K, reserved 1048576K
}
Event: 13.651 GC heap before
{Heap before GC invocations=8 (full 2):
 PSYoungGen      total 130048K, used 124928K [0x00000000d7f80000, 0x00000000e3800000, 0x0000000100000000)
  eden space 124928K, 100% used [0x00000000d7f80000,0x00000000df980000,0x00000000df980000)
  from space 5120K, 0% used [0x00000000df980000,0x00000000df980000,0x00000000dfe80000)
  to   space 19456K, 0% used [0x00000000e2500000,0x00000000e2500000,0x00000000e3800000)
 ParOldGen       total 114688K, used 28902K [0x0000000087e00000, 0x000000008ee00000, 0x00000000d7f80000)
  object space 114688K, 25% used [0x0000000087e00000,0x0000000089a399b8,0x000000008ee00000)
 Metaspace       used 42888K, capacity 43612K, committed 44032K, reserved 1087488K
  class space    used 5615K, capacity 5836K, committed 5888K, reserved 1048576K
Event: 13.688 GC heap after
Heap after GC invocations=8 (full 2):
 PSYoungGen      total 162816K, used 19429K [0x00000000d7f80000, 0x00000000e5b80000, 0x0000000100000000)
  eden space 143360K, 0% used [0x00000000d7f80000,0x00000000d7f80000,0x00000000e0b80000)
  from space 19456K, 99% used [0x00000000e2500000,0x00000000e37f9580,0x00000000e3800000)
  to   space 26112K, 0% used [0x00000000e0b80000,0x00000000e0b80000,0x00000000e2500000)
 ParOldGen       total 114688K, used 35133K [0x0000000087e00000, 0x000000008ee00000, 0x00000000d7f80000)
  object space 114688K, 30% used [0x0000000087e00000,0x000000008a04f4f0,0x000000008ee00000)
 Metaspace       used 42888K, capacity 43612K, committed 44032K, reserved 1087488K
  class space    used 5615K, capacity 5836K, committed 5888K, reserved 1048576K
}

