# JRE version: Java(TM) SE Runtime Environment (8.0_212-b10) (build 1.8.0_212-b10)
# Java VM: Java HotSpot(TM) 64-Bit Server VM (25.212-b10 mixed mode linux-aarch64 compressed oops)
Heap:
 PSYoungGen      total 159232K, used 28733K [0x00000000d7f80000, 0x00000000e7500000, 0x0000000100000000)
  eden space 133120K, 1% used [0x00000000d7f80000,0x00000000d8210ca8,0x00000000e0180000)
  from space 26112K, 99% used [0x00000000e0180000,0x00000000e1afea40,0x00000000e1b00000)
  to   space 34816K, 0% used [0x00000000e5300000,0x00000000e5300000,0x00000000e7500000)
 ParOldGen       total 122880K, used 50663K [0x0000000087e00000, 0x000000008f600000, 0x00000000d7f80000)
  object space 122880K, 41% used [0x0000000087e00000,0x000000008af79ef8,0x000000008f600000)
 Metaspace       used 48252K, capacity 49156K, committed 49408K, reserved 1091584K
  class space    used 6286K, capacity 6560K, committed 6656K, reserved 1048576K
GC Heap History (10 events):
Event: 5.723 GC heap before
{Heap before GC invocations=5 (full 1):
 PSYoungGen      total 67584K, used 62464K [0x00000000d7f80000, 0x00000000e0380000, 0x0000000100000000)
  eden space 62464K, 100% used [0x00000000d7f80000,0x00000000dbc80000,0x00000000dbc80000)
  from space 5120K, 0% used [0x00000000dbc80000,0x00000000dbc80000,0x00000000dc180000)
  to   space 5120K, 0% used [0x00000000dfe80000,0x00000000dfe80000,0x00000000e0380000)
 ParOldGen       total 75776K, used 16408K [0x0000000087e00000, 0x000000008c800000, 0x00000000d7f80000)
  object space 75776K, 21% used [0x0000000087e00000,0x0000000088e06118,0x000000008c800000)
 Metaspace       used 29042K, capacity 29586K, committed 29952K, reserved 1075200K
  class space    used 4075K, capacity 4251K, committed 4352K, reserved 1048576K
Event: 5.738 GC heap after
Heap after GC invocations=5 (full 1):
 PSYoungGen      total 96768K, used 5112K [0x00000000d7f80000, 0x00000000e0380000, 0x0000000100000000)
  eden space 91648K, 0% used [0x00000000d7f80000,0x00000000d7f80000,0x00000000dd900000)
  from space 5120K, 99% used [0x00000000dfe80000,0x00000000e037e110,0x00000000e0380000)
  to   space 5120K, 0% used [0x00000000df980000,0x00000000df980000,0x00000000dfe80000)
 ParOldGen       total 75776K, used 25452K [0x0000000087e00000, 0x000000008c800000, 0x00000000d7f80000)
  object space 75776K, 33% used [0x0000000087e00000,0x00000000896db3c0,0x000000008c800000)
 Metaspace       used 29042K, capacity 29586K, committed 29952K, reserved 1075200K
  class space    used 4075K, capacity 4251K, committed 4352K, reserved 1048576K
}
Event: 6.710 GC heap before
{Heap before GC invocations=6 (full 1):
 PSYoungGen      total 96768K, used 45270K [0x00000000d7f80000, 0x00000000e0380000, 0x0000000100000000)
  eden space 91648K, 43% used [0x00000000d7f80000,0x00000000da6b7960,0x00000000dd900000)
  from space 5120K, 99% used [0x00000000dfe80000,0x00000000e037e110,0x00000000e0380000)
  to   space 5120K, 0% used [0x00000000df980000,0x00000000df980000,0x00000000dfe80000)
 ParOldGen       total 75776K, used 25452K [0x0000000087e00000, 0x000000008c800000, 0x00000000d7f80000)
  object space 75776K, 33% used [0x0000000087e00000,0x00000000896db3c0,0x000000008c800000)
 Metaspace       used 34744K, capacity 35220K, committed 35416K, reserved 1079296K
  class space    used 4645K, capacity 4802K, committed 4864K, reserved 1048576K
Event: 6.747 GC heap after
Heap after GC invocations=6 (full 1):
 PSYoungGen      total 130048K, used 5113K [0x00000000d7f80000, 0x00000000e2e80000, 0x0000000100000000)
  eden space 124928K, 0% used [0x00000000d7f80000,0x00000000d7f80000,0x00000000df980000)
  from space 5120K, 99% used [0x00000000df980000,0x00000000dfe7e6a8,0x00000000dfe80000)
  to   space 19968K, 0% used [0x00000000e1b00000,0x00000000e1b00000,0x00000000e2e80000)
 ParOldGen       total 75776K, used 35885K [0x0000000087e00000, 0x000000008c800000, 0x00000000d7f80000)
  object space 75776K, 47% used [0x0000000087e00000,0x000000008a10b5b8,0x000000008c800000)
 Metaspace       used 34744K, capacity 35220K, committed 35416K, reserved 1079296K
  class space    used 4645K, capacity 4802K, committed 4864K, reserved 1048576K
}
Event: 6.747 GC heap before
{Heap before GC invocations=7 (full 2):
 PSYoungGen      total 130048K, used 5113K [0x00000000d7f80000, 0x00000000e2e80000, 0x0000000100000000)
  eden space 124928K, 0% used [0x00000000d7f80000,0x00000000d7f80000,0x00000000df980000)
  from space 5120K, 99% used [0x00000000df980000,0x00000000dfe7e6a8,0x00000000dfe80000)
  to   space 19968K, 0% used [0x00000000e1b00000,0x00000000e1b00000,0x00000000e2e80000)
 ParOldGen       total 75776K, used 35885K [0x0000000087e00000, 0x000000008c800000, 0x00000000d7f80000)
  object space 75776K, 47% used [0x0000000087e00000,0x000000008a10b5b8,0x000000008c800000)
 Metaspace       used 34744K, capacity 35220K, committed 35416K, reserved 1079296K
  class space    used 4645K, capacity 4802K, committed 4864K, reserved 1048576K
Event: 6.860 GC heap after
Heap after GC invocations=7 (full 2):
 PSYoungGen      total 130048K, used 0K [0x00000000d7f80000, 0x00000000e2e80000, 0x0000000100000000)
  eden space 124928K, 0% used [0x00000000d7f80000,0x00000000d7f80000,0x00000000df980000)
  from space 5120K, 0% used [0x00000000df980000,0x00000000df980000,0x00000000dfe80000)
  to   space 19968K, 0% used [0x00000000e1b00000,0x00000000e1b00000,0x00000000e2e80000)
 ParOldGen       total 122880K, used 35801K [0x0000000087e00000, 0x000000008f600000, 0x00000000d7f80000)
  object space 122880K, 29% used [0x0000000087e00000,0x000000008a0f65a0,0x000000008f600000)
 Metaspace       used 34744K, capacity 35220K, committed 35416K, reserved 1079296K
  class space    used 4645K, capacity 4802K, committed 4864K, reserved 1048576K
}
Event: 12.407 GC heap before
{Heap before GC invocations=8 (full 2):
 PSYoungGen      total 130048K, used 124928K [0x00000000d7f80000, 0x00000000e2e80000, 0x0000000100000000)
  eden space 124928K, 100% used [0x00000000d7f80000,0x00000000df980000,0x00000000df980000)
  from space 5120K, 0% used [0x00000000df980000,0x00000000df980000,0x00000000dfe80000)
  to   space 19968K, 0% used [0x00000000e1b00000,0x00000000e1b00000,0x00000000e2e80000)
 ParOldGen       total 122880K, used 35801K [0x0000000087e00000, 0x000000008f600000, 0x00000000d7f80000)
  object space 122880K, 29% used [0x0000000087e00000,0x000000008a0f65a0,0x000000008f600000)
 Metaspace       used 42890K, capacity 43612K, committed 44032K, reserved 1087488K
  class space    used 5616K, capacity 5836K, committed 5888K, reserved 1048576K
Event: 12.447 GC heap after
Heap after GC invocations=8 (full 2):
 PSYoungGen      total 153088K, used 19940K [0x00000000d7f80000, 0x00000000e5e80000, 0x0000000100000000)
  eden space 133120K, 0% used [0x00000000d7f80000,0x00000000d7f80000,0x00000000e0180000)
  from space 19968K, 99% used [0x00000000e1b00000,0x00000000e2e79218,0x00000000e2e80000)
  to   space 26112K, 0% used [0x00000000e0180000,0x00000000e0180000,0x00000000e1b00000)
 ParOldGen       total 122880K, used 41510K [0x0000000087e00000, 0x000000008f600000, 0x00000000d7f80000)
  object space 122880K, 33% used [0x0000000087e00000,0x000000008a6899c0,0x000000008f600000)
 Metaspace       used 42890K, capacity 43612K, committed 44032K, reserved 1087488K
  class space    used 5616K, capacity 5836K, committed 5888K, reserved 1048576K
}
Event: 20.033 GC heap before
{Heap before GC invocations=9 (full 2):
 PSYoungGen      total 153088K, used 153060K [0x00000000d7f80000, 0x00000000e5e80000, 0x0000000100000000)
  eden space 133120K, 100% used [0x00000000d7f80000,0x00000000e0180000,0x00000000e0180000)
  from space 19968K, 99% used [0x00000000e1b00000,0x00000000e2e79218,0x00000000e2e80000)
  to   space 26112K, 0% used [0x00000000e0180000,0x00000000e0180000,0x00000000e1b00000)
 ParOldGen       total 122880K, used 41510K [0x0000000087e00000, 0x000000008f600000, 0x00000000d7f80000)
  object space 122880K, 33% used [0x0000000087e00000,0x000000008a6899c0,0x000000008f600000)
 Metaspace       used 48230K, capacity 49156K, committed 49408K, reserved 1091584K
  class space    used 6284K, capacity 6560K, committed 6656K, reserved 1048576K
Event: 20.079 GC heap after
Heap after GC invocations=9 (full 2):
 PSYoungGen      total 159232K, used 26106K [0x00000000d7f80000, 0x00000000e7500000, 0x0000000100000000)
  eden space 133120K, 0% used [0x00000000d7f80000,0x00000000d7f80000,0x00000000e0180000)
  from space 26112K, 99% used [0x00000000e0180000,0x00000000e1afea40,0x00000000e1b00000)
  to   space 34816K, 0% used [0x00000000e5300000,0x00000000e5300000,0x00000000e7500000)
 ParOldGen       total 122880K, used 50663K [0x0000000087e00000, 0x000000008f600000, 0x00000000d7f80000)
  object space 122880K, 41% used [0x0000000087e00000,0x000000008af79ef8,0x000000008f600000)
 Metaspace       used 48230K, capacity 49156K, committed 49408K, reserved 1091584K
  class space    used 6284K, capacity 6560K, committed 6656K, reserved 1048576K
}

