# JRE version: Java(TM) SE Runtime Environment (8.0_212-b10) (build 1.8.0_212-b10)
# Java VM: Java HotSpot(TM) 64-Bit Server VM (25.212-b10 mixed mode linux-aarch64 compressed oops)
Heap:
 PSYoungGen      total 164352K, used 156206K [0x00000000d7f80000, 0x00000000e6280000, 0x0000000100000000)
  eden space 144384K, 94% used [0x00000000d7f80000,0x00000000e0492bd0,0x00000000e0c80000)
  from space 19968K, 99% used [0x00000000e2600000,0x00000000e3978c70,0x00000000e3980000)
  to   space 26112K, 0% used [0x00000000e0c80000,0x00000000e0c80000,0x00000000e2600000)
 ParOldGen       total 113664K, used 34735K [0x0000000087e00000, 0x000000008ed00000, 0x00000000d7f80000)
  object space 113664K, 30% used [0x0000000087e00000,0x0000000089febfd0,0x000000008ed00000)
 Metaspace       used 48268K, capacity 49220K, committed 49408K, reserved 1091584K
  class space    used 6286K, capacity 6560K, committed 6656K, reserved 1048576K
GC Heap History (10 events):
Event: 3.897 GC heap before
{Heap before GC invocations=4 (full 1):
 PSYoungGen      total 67584K, used 5098K [0x00000000d7f80000, 0x00000000e0380000, 0x0000000100000000)
  eden space 62464K, 0% used [0x00000000d7f80000,0x00000000d7f80000,0x00000000dbc80000)
  from space 5120K, 99% used [0x00000000dbc80000,0x00000000dc17aac8,0x00000000dc180000)
  to   space 5120K, 0% used [0x00000000dfe80000,0x00000000dfe80000,0x00000000e0380000)
 ParOldGen       total 83456K, used 18183K [0x0000000087e00000, 0x000000008cf80000, 0x00000000d7f80000)
  object space 83456K, 21% used [0x0000000087e00000,0x0000000088fc1cc8,0x000000008cf80000)
 Metaspace       used 20617K, capacity 21088K, committed 21248K, reserved 1067008K
  class space    used 2543K, capacity 2722K, committed 2816K, reserved 1048576K
Event: 3.966 GC heap after
Heap after GC invocations=4 (full 1):
 PSYoungGen      total 67584K, used 0K [0x00000000d7f80000, 0x00000000e0380000, 0x0000000100000000)
  eden space 62464K, 0% used [0x00000000d7f80000,0x00000000d7f80000,0x00000000dbc80000)
  from space 5120K, 0% used [0x00000000dbc80000,0x00000000dbc80000,0x00000000dc180000)
  to   space 5120K, 0% used [0x00000000dfe80000,0x00000000dfe80000,0x00000000e0380000)
 ParOldGen       total 74752K, used 16408K [0x0000000087e00000, 0x000000008c700000, 0x00000000d7f80000)
  object space 74752K, 21% used [0x0000000087e00000,0x0000000088e06118,0x000000008c700000)
 Metaspace       used 20617K, capacity 21088K, committed 21248K, reserved 1067008K
  class space    used 2543K, capacity 2722K, committed 2816K, reserved 1048576K
}
Event: 6.203 GC heap before
{Heap before GC invocations=5 (full 1):
 PSYoungGen      total 67584K, used 62464K [0x00000000d7f80000, 0x00000000e0380000, 0x0000000100000000)
  eden space 62464K, 100% used [0x00000000d7f80000,0x00000000dbc80000,0x00000000dbc80000)
  from space 5120K, 0% used [0x00000000dbc80000,0x00000000dbc80000,0x00000000dc180000)
  to   space 5120K, 0% used [0x00000000dfe80000,0x00000000dfe80000,0x00000000e0380000)
 ParOldGen       total 74752K, used 16408K [0x0000000087e00000, 0x000000008c700000, 0x00000000d7f80000)
  object space 74752K, 21% used [0x0000000087e00000,0x0000000088e06118,0x000000008c700000)
 Metaspace       used 29037K, capacity 29522K, committed 29952K, reserved 1075200K
  class space    used 4074K, capacity 4251K, committed 4352K, reserved 1048576K
Event: 6.237 GC heap after
Heap after GC invocations=5 (full 1):
 PSYoungGen      total 100352K, used 5092K [0x00000000d7f80000, 0x00000000e0380000, 0x0000000100000000)
  eden space 95232K, 0% used [0x00000000d7f80000,0x00000000d7f80000,0x00000000ddc80000)
  from space 5120K, 99% used [0x00000000dfe80000,0x00000000e0379100,0x00000000e0380000)
  to   space 5120K, 0% used [0x00000000df980000,0x00000000df980000,0x00000000dfe80000)
 ParOldGen       total 74752K, used 25489K [0x0000000087e00000, 0x000000008c700000, 0x00000000d7f80000)
  object space 74752K, 34% used [0x0000000087e00000,0x00000000896e46e8,0x000000008c700000)
 Metaspace       used 29037K, capacity 29522K, committed 29952K, reserved 1075200K
  class space    used 4074K, capacity 4251K, committed 4352K, reserved 1048576K
}
Event: 7.307 GC heap before
{Heap before GC invocations=6 (full 1):
 PSYoungGen      total 100352K, used 44830K [0x00000000d7f80000, 0x00000000e0380000, 0x0000000100000000)
  eden space 95232K, 41% used [0x00000000d7f80000,0x00000000da64e7b0,0x00000000ddc80000)
  from space 5120K, 99% used [0x00000000dfe80000,0x00000000e0379100,0x00000000e0380000)
  to   space 5120K, 0% used [0x00000000df980000,0x00000000df980000,0x00000000dfe80000)
 ParOldGen       total 74752K, used 25489K [0x0000000087e00000, 0x000000008c700000, 0x00000000d7f80000)
  object space 74752K, 34% used [0x0000000087e00000,0x00000000896e46e8,0x000000008c700000)
 Metaspace       used 34742K, capacity 35220K, committed 35416K, reserved 1079296K
  class space    used 4645K, capacity 4802K, committed 4864K, reserved 1048576K
Event: 7.350 GC heap after
Heap after GC invocations=6 (full 1):
 PSYoungGen      total 130048K, used 5092K [0x00000000d7f80000, 0x00000000e3980000, 0x0000000100000000)
  eden space 124928K, 0% used [0x00000000d7f80000,0x00000000d7f80000,0x00000000df980000)
  from space 5120K, 99% used [0x00000000df980000,0x00000000dfe790f0,0x00000000dfe80000)
  to   space 19968K, 0% used [0x00000000e2600000,0x00000000e2600000,0x00000000e3980000)
 ParOldGen       total 74752K, used 35856K [0x0000000087e00000, 0x000000008c700000, 0x00000000d7f80000)
  object space 74752K, 47% used [0x0000000087e00000,0x000000008a104208,0x000000008c700000)
 Metaspace       used 34742K, capacity 35220K, committed 35416K, reserved 1079296K
  class space    used 4645K, capacity 4802K, committed 4864K, reserved 1048576K
}
Event: 7.350 GC heap before
{Heap before GC invocations=7 (full 2):
 PSYoungGen      total 130048K, used 5092K [0x00000000d7f80000, 0x00000000e3980000, 0x0000000100000000)
  eden space 124928K, 0% used [0x00000000d7f80000,0x00000000d7f80000,0x00000000df980000)
  from space 5120K, 99% used [0x00000000df980000,0x00000000dfe790f0,0x00000000dfe80000)
  to   space 19968K, 0% used [0x00000000e2600000,0x00000000e2600000,0x00000000e3980000)
 ParOldGen       total 74752K, used 35856K [0x0000000087e00000, 0x000000008c700000, 0x00000000d7f80000)
  object space 74752K, 47% used [0x0000000087e00000,0x000000008a104208,0x000000008c700000)
 Metaspace       used 34742K, capacity 35220K, committed 35416K, reserved 1079296K
  class space    used 4645K, capacity 4802K, committed 4864K, reserved 1048576K
Event: 7.471 GC heap after
Heap after GC invocations=7 (full 2):
 PSYoungGen      total 130048K, used 0K [0x00000000d7f80000, 0x00000000e3980000, 0x0000000100000000)
  eden space 124928K, 0% used [0x00000000d7f80000,0x00000000d7f80000,0x00000000df980000)
  from space 5120K, 0% used [0x00000000df980000,0x00000000df980000,0x00000000dfe80000)
  to   space 19968K, 0% used [0x00000000e2600000,0x00000000e2600000,0x00000000e3980000)
 ParOldGen       total 113664K, used 29124K [0x0000000087e00000, 0x000000008ed00000, 0x00000000d7f80000)
  object space 113664K, 25% used [0x0000000087e00000,0x0000000089a711f8,0x000000008ed00000)
 Metaspace       used 34742K, capacity 35220K, committed 35416K, reserved 1079296K
  class space    used 4645K, capacity 4802K, committed 4864K, reserved 1048576K
}
Event: 15.308 GC heap before
{Heap before GC invocations=8 (full 2):
 PSYoungGen      total 130048K, used 124928K [0x00000000d7f80000, 0x00000000e3980000, 0x0000000100000000)
  eden space 124928K, 100% used [0x00000000d7f80000,0x00000000df980000,0x00000000df980000)
  from space 5120K, 0% used [0x00000000df980000,0x00000000df980000,0x00000000dfe80000)
  to   space 19968K, 0% used [0x00000000e2600000,0x00000000e2600000,0x00000000e3980000)
 ParOldGen       total 113664K, used 29124K [0x0000000087e00000, 0x000000008ed00000, 0x00000000d7f80000)
  object space 113664K, 25% used [0x0000000087e00000,0x0000000089a711f8,0x000000008ed00000)
 Metaspace       used 42887K, capacity 43612K, committed 44032K, reserved 1087488K
  class space    used 5615K, capacity 5836K, committed 5888K, reserved 1048576K
Event: 15.387 GC heap after
Heap after GC invocations=8 (full 2):
 PSYoungGen      total 164352K, used 19939K [0x00000000d7f80000, 0x00000000e6280000, 0x0000000100000000)
  eden space 144384K, 0% used [0x00000000d7f80000,0x00000000d7f80000,0x00000000e0c80000)
  from space 19968K, 99% used [0x00000000e2600000,0x00000000e3978c70,0x00000000e3980000)
  to   space 26112K, 0% used [0x00000000e0c80000,0x00000000e0c80000,0x00000000e2600000)
 ParOldGen       total 113664K, used 34735K [0x0000000087e00000, 0x000000008ed00000, 0x00000000d7f80000)
  object space 113664K, 30% used [0x0000000087e00000,0x0000000089febfd0,0x000000008ed00000)
 Metaspace       used 42887K, capacity 43612K, committed 44032K, reserved 1087488K
  class space    used 5615K, capacity 5836K, committed 5888K, reserved 1048576K
}

