# JRE version: Java(TM) SE Runtime Environment (8.0_212-b10) (build 1.8.0_212-b10)
# Java VM: Java HotSpot(TM) 64-Bit Server VM (25.212-b10 mixed mode linux-aarch64 compressed oops)
Heap:
 PSYoungGen      total 171520K, used 121081K [0x00000000d7f80000, 0x00000000e6480000, 0x0000000100000000)
  eden space 151552K, 66% used [0x00000000d7f80000,0x00000000de240648,0x00000000e1380000)
  from space 19968K, 99% used [0x00000000e2d00000,0x00000000e407e0d8,0x00000000e4080000)
  to   space 26112K, 0% used [0x00000000e1380000,0x00000000e1380000,0x00000000e2d00000)
 ParOldGen       total 109568K, used 34621K [0x0000000087e00000, 0x000000008e900000, 0x00000000d7f80000)
  object space 109568K, 31% used [0x0000000087e00000,0x0000000089fcf6a0,0x000000008e900000)
 Metaspace       used 47441K, capacity 48362K, committed 48512K, reserved 1091584K
  class space    used 6196K, capacity 6447K, committed 6528K, reserved 1048576K
GC Heap History (10 events):
Event: 3.699 GC heap before
{Heap before GC invocations=4 (full 1):
 PSYoungGen      total 67584K, used 5114K [0x00000000d7f80000, 0x00000000e0380000, 0x0000000100000000)
  eden space 62464K, 0% used [0x00000000d7f80000,0x00000000d7f80000,0x00000000dbc80000)
  from space 5120K, 99% used [0x00000000dbc80000,0x00000000dc17eac8,0x00000000dc180000)
  to   space 5120K, 0% used [0x00000000dfe80000,0x00000000dfe80000,0x00000000e0380000)
 ParOldGen       total 83456K, used 18143K [0x0000000087e00000, 0x000000008cf80000, 0x00000000d7f80000)
  object space 83456K, 21% used [0x0000000087e00000,0x0000000088fb7ce8,0x000000008cf80000)
 Metaspace       used 20614K, capacity 21056K, committed 21248K, reserved 1067008K
  class space    used 2541K, capacity 2690K, committed 2816K, reserved 1048576K
Event: 3.761 GC heap after
Heap after GC invocations=4 (full 1):
 PSYoungGen      total 67584K, used 0K [0x00000000d7f80000, 0x00000000e0380000, 0x0000000100000000)
  eden space 62464K, 0% used [0x00000000d7f80000,0x00000000d7f80000,0x00000000dbc80000)
  from space 5120K, 0% used [0x00000000dbc80000,0x00000000dbc80000,0x00000000dc180000)
  to   space 5120K, 0% used [0x00000000dfe80000,0x00000000dfe80000,0x00000000e0380000)
 ParOldGen       total 73216K, used 16409K [0x0000000087e00000, 0x000000008c580000, 0x00000000d7f80000)
  object space 73216K, 22% used [0x0000000087e00000,0x0000000088e06508,0x000000008c580000)
 Metaspace       used 20614K, capacity 21056K, committed 21248K, reserved 1067008K
  class space    used 2541K, capacity 2690K, committed 2816K, reserved 1048576K
}
Event: 6.041 GC heap before
{Heap before GC invocations=5 (full 1):
 PSYoungGen      total 67584K, used 62464K [0x00000000d7f80000, 0x00000000e0380000, 0x0000000100000000)
  eden space 62464K, 100% used [0x00000000d7f80000,0x00000000dbc80000,0x00000000dbc80000)
  from space 5120K, 0% used [0x00000000dbc80000,0x00000000dbc80000,0x00000000dc180000)
  to   space 5120K, 0% used [0x00000000dfe80000,0x00000000dfe80000,0x00000000e0380000)
 ParOldGen       total 73216K, used 16409K [0x0000000087e00000, 0x000000008c580000, 0x00000000d7f80000)
  object space 73216K, 22% used [0x0000000087e00000,0x0000000088e06508,0x000000008c580000)
 Metaspace       used 29043K, capacity 29586K, committed 29952K, reserved 1075200K
  class space    used 4075K, capacity 4251K, committed 4352K, reserved 1048576K
Event: 6.074 GC heap after
Heap after GC invocations=5 (full 1):
 PSYoungGen      total 103424K, used 5112K [0x00000000d7f80000, 0x00000000e0380000, 0x0000000100000000)
  eden space 98304K, 0% used [0x00000000d7f80000,0x00000000d7f80000,0x00000000ddf80000)
  from space 5120K, 99% used [0x00000000dfe80000,0x00000000e037e110,0x00000000e0380000)
  to   space 5120K, 0% used [0x00000000df980000,0x00000000df980000,0x00000000dfe80000)
 ParOldGen       total 73216K, used 25489K [0x0000000087e00000, 0x000000008c580000, 0x00000000d7f80000)
  object space 73216K, 34% used [0x0000000087e00000,0x00000000896e4420,0x000000008c580000)
 Metaspace       used 29043K, capacity 29586K, committed 29952K, reserved 1075200K
  class space    used 4075K, capacity 4251K, committed 4352K, reserved 1048576K
}
Event: 7.156 GC heap before
{Heap before GC invocations=6 (full 1):
 PSYoungGen      total 103424K, used 44111K [0x00000000d7f80000, 0x00000000e0380000, 0x0000000100000000)
  eden space 98304K, 39% used [0x00000000d7f80000,0x00000000da595e90,0x00000000ddf80000)
  from space 5120K, 99% used [0x00000000dfe80000,0x00000000e037e110,0x00000000e0380000)
  to   space 5120K, 0% used [0x00000000df980000,0x00000000df980000,0x00000000dfe80000)
 ParOldGen       total 73216K, used 25489K [0x0000000087e00000, 0x000000008c580000, 0x00000000d7f80000)
  object space 73216K, 34% used [0x0000000087e00000,0x00000000896e4420,0x000000008c580000)
 Metaspace       used 34739K, capacity 35220K, committed 35416K, reserved 1079296K
  class space    used 4643K, capacity 4802K, committed 4864K, reserved 1048576K
Event: 7.195 GC heap after
Heap after GC invocations=6 (full 1):
 PSYoungGen      total 130048K, used 5112K [0x00000000d7f80000, 0x00000000e4080000, 0x0000000100000000)
  eden space 124928K, 0% used [0x00000000d7f80000,0x00000000d7f80000,0x00000000df980000)
  from space 5120K, 99% used [0x00000000df980000,0x00000000dfe7e110,0x00000000dfe80000)
  to   space 19968K, 0% used [0x00000000e2d00000,0x00000000e2d00000,0x00000000e4080000)
 ParOldGen       total 73216K, used 35726K [0x0000000087e00000, 0x000000008c580000, 0x00000000d7f80000)
  object space 73216K, 48% used [0x0000000087e00000,0x000000008a0e3828,0x000000008c580000)
 Metaspace       used 34739K, capacity 35220K, committed 35416K, reserved 1079296K
  class space    used 4643K, capacity 4802K, committed 4864K, reserved 1048576K
}
Event: 7.195 GC heap before
{Heap before GC invocations=7 (full 2):
 PSYoungGen      total 130048K, used 5112K [0x00000000d7f80000, 0x00000000e4080000, 0x0000000100000000)
  eden space 124928K, 0% used [0x00000000d7f80000,0x00000000d7f80000,0x00000000df980000)
  from space 5120K, 99% used [0x00000000df980000,0x00000000dfe7e110,0x00000000dfe80000)
  to   space 19968K, 0% used [0x00000000e2d00000,0x00000000e2d00000,0x00000000e4080000)
 ParOldGen       total 73216K, used 35726K [0x0000000087e00000, 0x000000008c580000, 0x00000000d7f80000)
  object space 73216K, 48% used [0x0000000087e00000,0x000000008a0e3828,0x000000008c580000)
 Metaspace       used 34739K, capacity 35220K, committed 35416K, reserved 1079296K
  class space    used 4643K, capacity 4802K, committed 4864K, reserved 1048576K
Event: 7.308 GC heap after
Heap after GC invocations=7 (full 2):
 PSYoungGen      total 130048K, used 0K [0x00000000d7f80000, 0x00000000e4080000, 0x0000000100000000)
  eden space 124928K, 0% used [0x00000000d7f80000,0x00000000d7f80000,0x00000000df980000)
  from space 5120K, 0% used [0x00000000df980000,0x00000000df980000,0x00000000dfe80000)
  to   space 19968K, 0% used [0x00000000e2d00000,0x00000000e2d00000,0x00000000e4080000)
 ParOldGen       total 109568K, used 28974K [0x0000000087e00000, 0x000000008e900000, 0x00000000d7f80000)
  object space 109568K, 26% used [0x0000000087e00000,0x0000000089a4bb48,0x000000008e900000)
 Metaspace       used 34739K, capacity 35220K, committed 35416K, reserved 1079296K
  class space    used 4643K, capacity 4802K, committed 4864K, reserved 1048576K
}
Event: 13.384 GC heap before
{Heap before GC invocations=8 (full 2):
 PSYoungGen      total 130048K, used 124928K [0x00000000d7f80000, 0x00000000e4080000, 0x0000000100000000)
  eden space 124928K, 100% used [0x00000000d7f80000,0x00000000df980000,0x00000000df980000)
  from space 5120K, 0% used [0x00000000df980000,0x00000000df980000,0x00000000dfe80000)
  to   space 19968K, 0% used [0x00000000e2d00000,0x00000000e2d00000,0x00000000e4080000)
 ParOldGen       total 109568K, used 28974K [0x0000000087e00000, 0x000000008e900000, 0x00000000d7f80000)
  object space 109568K, 26% used [0x0000000087e00000,0x0000000089a4bb48,0x000000008e900000)
 Metaspace       used 42887K, capacity 43612K, committed 44032K, reserved 1087488K
  class space    used 5616K, capacity 5836K, committed 5888K, reserved 1048576K
Event: 13.421 GC heap after
Heap after GC invocations=8 (full 2):
 PSYoungGen      total 171520K, used 19960K [0x00000000d7f80000, 0x00000000e6480000, 0x0000000100000000)
  eden space 151552K, 0% used [0x00000000d7f80000,0x00000000d7f80000,0x00000000e1380000)
  from space 19968K, 99% used [0x00000000e2d00000,0x00000000e407e0d8,0x00000000e4080000)
  to   space 26112K, 0% used [0x00000000e1380000,0x00000000e1380000,0x00000000e2d00000)
 ParOldGen       total 109568K, used 34621K [0x0000000087e00000, 0x000000008e900000, 0x00000000d7f80000)
  object space 109568K, 31% used [0x0000000087e00000,0x0000000089fcf6a0,0x000000008e900000)
 Metaspace       used 42887K, capacity 43612K, committed 44032K, reserved 1087488K
  class space    used 5616K, capacity 5836K, committed 5888K, reserved 1048576K
}

