# JRE version: Java(TM) SE Runtime Environment (8.0_212-b10) (build 1.8.0_212-b10)
# Java VM: Java HotSpot(TM) 64-Bit Server VM (25.212-b10 mixed mode linux-aarch64 compressed oops)
Heap:
 PSYoungGen      total 155648K, used 120773K [0x00000000d7f80000, 0x00000000e6280000, 0x0000000100000000)
  eden space 135680K, 74% used [0x00000000d7f80000,0x00000000de1f3448,0x00000000e0400000)
  from space 19968K, 99% used [0x00000000e1d00000,0x00000000e307e208,0x00000000e3080000)
  to   space 25600K, 0% used [0x00000000e0400000,0x00000000e0400000,0x00000000e1d00000)
 ParOldGen       total 113152K, used 34212K [0x0000000087e00000, 0x000000008ec80000, 0x00000000d7f80000)
  object space 113152K, 30% used [0x0000000087e00000,0x0000000089f691f0,0x000000008ec80000)
 Metaspace       used 47441K, capacity 48362K, committed 48512K, reserved 1091584K
  class space    used 6196K, capacity 6447K, committed 6528K, reserved 1048576K
GC Heap History (10 events):
Event: 4.100 GC heap before
{Heap before GC invocations=4 (full 1):
 PSYoungGen      total 67584K, used 5098K [0x00000000d7f80000, 0x00000000e0380000, 0x0000000100000000)
  eden space 62464K, 0% used [0x00000000d7f80000,0x00000000d7f80000,0x00000000dbc80000)
  from space 5120K, 99% used [0x00000000dbc80000,0x00000000dc17aad8,0x00000000dc180000)
  to   space 5120K, 0% used [0x00000000dfe80000,0x00000000dfe80000,0x00000000e0380000)
 ParOldGen       total 83456K, used 18266K [0x0000000087e00000, 0x000000008cf80000, 0x00000000d7f80000)
  object space 83456K, 21% used [0x0000000087e00000,0x0000000088fd6ab0,0x000000008cf80000)
 Metaspace       used 20614K, capacity 21056K, committed 21248K, reserved 1067008K
  class space    used 2541K, capacity 2690K, committed 2816K, reserved 1048576K
Event: 4.200 GC heap after
Heap after GC invocations=4 (full 1):
 PSYoungGen      total 67584K, used 0K [0x00000000d7f80000, 0x00000000e0380000, 0x0000000100000000)
  eden space 62464K, 0% used [0x00000000d7f80000,0x00000000d7f80000,0x00000000dbc80000)
  from space 5120K, 0% used [0x00000000dbc80000,0x00000000dbc80000,0x00000000dc180000)
  to   space 5120K, 0% used [0x00000000dfe80000,0x00000000dfe80000,0x00000000e0380000)
 ParOldGen       total 75264K, used 16395K [0x0000000087e00000, 0x000000008c780000, 0x00000000d7f80000)
  object space 75264K, 21% used [0x0000000087e00000,0x0000000088e02d28,0x000000008c780000)
 Metaspace       used 20614K, capacity 21056K, committed 21248K, reserved 1067008K
  class space    used 2541K, capacity 2690K, committed 2816K, reserved 1048576K
}
Event: 6.552 GC heap before
{Heap before GC invocations=5 (full 1):
 PSYoungGen      total 67584K, used 62464K [0x00000000d7f80000, 0x00000000e0380000, 0x0000000100000000)
  eden space 62464K, 100% used [0x00000000d7f80000,0x00000000dbc80000,0x00000000dbc80000)
  from space 5120K, 0% used [0x00000000dbc80000,0x00000000dbc80000,0x00000000dc180000)
  to   space 5120K, 0% used [0x00000000dfe80000,0x00000000dfe80000,0x00000000e0380000)
 ParOldGen       total 75264K, used 16395K [0x0000000087e00000, 0x000000008c780000, 0x00000000d7f80000)
  object space 75264K, 21% used [0x0000000087e00000,0x0000000088e02d28,0x000000008c780000)
 Metaspace       used 29141K, capacity 29650K, committed 29952K, reserved 1075200K
  class space    used 4086K, capacity 4251K, committed 4352K, reserved 1048576K
Event: 6.590 GC heap after
Heap after GC invocations=5 (full 1):
 PSYoungGen      total 98816K, used 5092K [0x00000000d7f80000, 0x00000000e0380000, 0x0000000100000000)
  eden space 93696K, 0% used [0x00000000d7f80000,0x00000000d7f80000,0x00000000ddb00000)
  from space 5120K, 99% used [0x00000000dfe80000,0x00000000e0379100,0x00000000e0380000)
  to   space 5120K, 0% used [0x00000000df980000,0x00000000df980000,0x00000000dfe80000)
 ParOldGen       total 75264K, used 25660K [0x0000000087e00000, 0x000000008c780000, 0x00000000d7f80000)
  object space 75264K, 34% used [0x0000000087e00000,0x000000008970f1b0,0x000000008c780000)
 Metaspace       used 29141K, capacity 29650K, committed 29952K, reserved 1075200K
  class space    used 4086K, capacity 4251K, committed 4352K, reserved 1048576K
}
Event: 7.857 GC heap before
{Heap before GC invocations=6 (full 1):
 PSYoungGen      total 98816K, used 44469K [0x00000000d7f80000, 0x00000000e0380000, 0x0000000100000000)
  eden space 93696K, 42% used [0x00000000d7f80000,0x00000000da5f44c0,0x00000000ddb00000)
  from space 5120K, 99% used [0x00000000dfe80000,0x00000000e0379100,0x00000000e0380000)
  to   space 5120K, 0% used [0x00000000df980000,0x00000000df980000,0x00000000dfe80000)
 ParOldGen       total 75264K, used 25660K [0x0000000087e00000, 0x000000008c780000, 0x00000000d7f80000)
  object space 75264K, 34% used [0x0000000087e00000,0x000000008970f1b0,0x000000008c780000)
 Metaspace       used 34742K, capacity 35220K, committed 35416K, reserved 1079296K
  class space    used 4645K, capacity 4802K, committed 4864K, reserved 1048576K
Event: 7.893 GC heap after
Heap after GC invocations=6 (full 1):
 PSYoungGen      total 130048K, used 5115K [0x00000000d7f80000, 0x00000000e3080000, 0x0000000100000000)
  eden space 124928K, 0% used [0x00000000d7f80000,0x00000000d7f80000,0x00000000df980000)
  from space 5120K, 99% used [0x00000000df980000,0x00000000dfe7ec40,0x00000000dfe80000)
  to   space 19968K, 0% used [0x00000000e1d00000,0x00000000e1d00000,0x00000000e3080000)
 ParOldGen       total 75264K, used 35852K [0x0000000087e00000, 0x000000008c780000, 0x00000000d7f80000)
  object space 75264K, 47% used [0x0000000087e00000,0x000000008a1033d8,0x000000008c780000)
 Metaspace       used 34742K, capacity 35220K, committed 35416K, reserved 1079296K
  class space    used 4645K, capacity 4802K, committed 4864K, reserved 1048576K
}
Event: 7.893 GC heap before
{Heap before GC invocations=7 (full 2):
 PSYoungGen      total 130048K, used 5115K [0x00000000d7f80000, 0x00000000e3080000, 0x0000000100000000)
  eden space 124928K, 0% used [0x00000000d7f80000,0x00000000d7f80000,0x00000000df980000)
  from space 5120K, 99% used [0x00000000df980000,0x00000000dfe7ec40,0x00000000dfe80000)
  to   space 19968K, 0% used [0x00000000e1d00000,0x00000000e1d00000,0x00000000e3080000)
 ParOldGen       total 75264K, used 35852K [0x0000000087e00000, 0x000000008c780000, 0x00000000d7f80000)
  object space 75264K, 47% used [0x0000000087e00000,0x000000008a1033d8,0x000000008c780000)
 Metaspace       used 34742K, capacity 35220K, committed 35416K, reserved 1079296K
  class space    used 4645K, capacity 4802K, committed 4864K, reserved 1048576K
Event: 7.993 GC heap after
Heap after GC invocations=7 (full 2):
 PSYoungGen      total 130048K, used 0K [0x00000000d7f80000, 0x00000000e3080000, 0x0000000100000000)
  eden space 124928K, 0% used [0x00000000d7f80000,0x00000000d7f80000,0x00000000df980000)
  from space 5120K, 0% used [0x00000000df980000,0x00000000df980000,0x00000000dfe80000)
  to   space 19968K, 0% used [0x00000000e1d00000,0x00000000e1d00000,0x00000000e3080000)
 ParOldGen       total 113152K, used 28896K [0x0000000087e00000, 0x000000008ec80000, 0x00000000d7f80000)
  object space 113152K, 25% used [0x0000000087e00000,0x0000000089a38240,0x000000008ec80000)
 Metaspace       used 34742K, capacity 35220K, committed 35416K, reserved 1079296K
  class space    used 4645K, capacity 4802K, committed 4864K, reserved 1048576K
}
Event: 14.341 GC heap before
{Heap before GC invocations=8 (full 2):
 PSYoungGen      total 130048K, used 124928K [0x00000000d7f80000, 0x00000000e3080000, 0x0000000100000000)
  eden space 124928K, 100% used [0x00000000d7f80000,0x00000000df980000,0x00000000df980000)
  from space 5120K, 0% used [0x00000000df980000,0x00000000df980000,0x00000000dfe80000)
  to   space 19968K, 0% used [0x00000000e1d00000,0x00000000e1d00000,0x00000000e3080000)
 ParOldGen       total 113152K, used 28896K [0x0000000087e00000, 0x000000008ec80000, 0x00000000d7f80000)
  object space 113152K, 25% used [0x0000000087e00000,0x0000000089a38240,0x000000008ec80000)
 Metaspace       used 42884K, capacity 43612K, committed 44032K, reserved 1087488K
  class space    used 5616K, capacity 5836K, committed 5888K, reserved 1048576K
Event: 14.397 GC heap after
Heap after GC invocations=8 (full 2):
 PSYoungGen      total 155648K, used 19960K [0x00000000d7f80000, 0x00000000e6280000, 0x0000000100000000)
  eden space 135680K, 0% used [0x00000000d7f80000,0x00000000d7f80000,0x00000000e0400000)
  from space 19968K, 99% used [0x00000000e1d00000,0x00000000e307e208,0x00000000e3080000)
  to   space 25600K, 0% used [0x00000000e0400000,0x00000000e0400000,0x00000000e1d00000)
 ParOldGen       total 113152K, used 34212K [0x0000000087e00000, 0x000000008ec80000, 0x00000000d7f80000)
  object space 113152K, 30% used [0x0000000087e00000,0x0000000089f691f0,0x000000008ec80000)
 Metaspace       used 42884K, capacity 43612K, committed 44032K, reserved 1087488K
  class space    used 5616K, capacity 5836K, committed 5888K, reserved 1048576K
}

