# JRE version: Java(TM) SE Runtime Environment (8.0_212-b10) (build 1.8.0_212-b10)
# Java VM: Java HotSpot(TM) 64-Bit Server VM (25.212-b10 mixed mode linux-aarch64 compressed oops)
Heap:
 PSYoungGen      total 161280K, used 155243K [0x00000000d7f80000, 0x00000000e6580000, 0x0000000100000000)
  eden space 141824K, 95% used [0x00000000d7f80000,0x00000000e041e950,0x00000000e0a00000)
  from space 19456K, 99% used [0x00000000e2380000,0x00000000e367c308,0x00000000e3680000)
  to   space 26112K, 0% used [0x00000000e0a00000,0x00000000e0a00000,0x00000000e2380000)
 ParOldGen       total 111104K, used 35073K [0x0000000087e00000, 0x000000008ea80000, 0x00000000d7f80000)
  object space 111104K, 31% used [0x0000000087e00000,0x000000008a040670,0x000000008ea80000)
 Metaspace       used 48271K, capacity 49220K, committed 49408K, reserved 1091584K
  class space    used 6286K, capacity 6560K, committed 6656K, reserved 1048576K
GC Heap History (10 events):
Event: 2.743 GC heap before
{Heap before GC invocations=4 (full 1):
 PSYoungGen      total 67584K, used 5098K [0x00000000d7f80000, 0x00000000e0380000, 0x0000000100000000)
  eden space 62464K, 0% used [0x00000000d7f80000,0x00000000d7f80000,0x00000000dbc80000)
  from space 5120K, 99% used [0x00000000dbc80000,0x00000000dc17aae8,0x00000000dc180000)
  to   space 5120K, 0% used [0x00000000dfe80000,0x00000000dfe80000,0x00000000e0380000)
 ParOldGen       total 83456K, used 18195K [0x0000000087e00000, 0x000000008cf80000, 0x00000000d7f80000)
  object space 83456K, 21% used [0x0000000087e00000,0x0000000088fc4e70,0x000000008cf80000)
 Metaspace       used 20614K, capacity 21056K, committed 21248K, reserved 1067008K
  class space    used 2540K, capacity 2690K, committed 2816K, reserved 1048576K
Event: 2.818 GC heap after
Heap after GC invocations=4 (full 1):
 PSYoungGen      total 67584K, used 0K [0x00000000d7f80000, 0x00000000e0380000, 0x0000000100000000)
  eden space 62464K, 0% used [0x00000000d7f80000,0x00000000d7f80000,0x00000000dbc80000)
  from space 5120K, 0% used [0x00000000dbc80000,0x00000000dbc80000,0x00000000dc180000)
  to   space 5120K, 0% used [0x00000000dfe80000,0x00000000dfe80000,0x00000000e0380000)
 ParOldGen       total 74752K, used 16415K [0x0000000087e00000, 0x000000008c700000, 0x00000000d7f80000)
  object space 74752K, 21% used [0x0000000087e00000,0x0000000088e07c80,0x000000008c700000)
 Metaspace       used 20614K, capacity 21056K, committed 21248K, reserved 1067008K
  class space    used 2540K, capacity 2690K, committed 2816K, reserved 1048576K
}
Event: 4.538 GC heap before
{Heap before GC invocations=5 (full 1):
 PSYoungGen      total 67584K, used 62464K [0x00000000d7f80000, 0x00000000e0380000, 0x0000000100000000)
  eden space 62464K, 100% used [0x00000000d7f80000,0x00000000dbc80000,0x00000000dbc80000)
  from space 5120K, 0% used [0x00000000dbc80000,0x00000000dbc80000,0x00000000dc180000)
  to   space 5120K, 0% used [0x00000000dfe80000,0x00000000dfe80000,0x00000000e0380000)
 ParOldGen       total 74752K, used 16415K [0x0000000087e00000, 0x000000008c700000, 0x00000000d7f80000)
  object space 74752K, 21% used [0x0000000087e00000,0x0000000088e07c80,0x000000008c700000)
 Metaspace       used 29045K, capacity 29522K, committed 29952K, reserved 1075200K
  class space    used 4074K, capacity 4251K, committed 4352K, reserved 1048576K
Event: 4.575 GC heap after
Heap after GC invocations=5 (full 1):
 PSYoungGen      total 100352K, used 5112K [0x00000000d7f80000, 0x00000000e0380000, 0x0000000100000000)
  eden space 95232K, 0% used [0x00000000d7f80000,0x00000000d7f80000,0x00000000ddc80000)
  from space 5120K, 99% used [0x00000000dfe80000,0x00000000e037e110,0x00000000e0380000)
  to   space 5120K, 0% used [0x00000000df980000,0x00000000df980000,0x00000000dfe80000)
 ParOldGen       total 74752K, used 25453K [0x0000000087e00000, 0x000000008c700000, 0x00000000d7f80000)
  object space 74752K, 34% used [0x0000000087e00000,0x00000000896db608,0x000000008c700000)
 Metaspace       used 29045K, capacity 29522K, committed 29952K, reserved 1075200K
  class space    used 4074K, capacity 4251K, committed 4352K, reserved 1048576K
}
Event: 5.346 GC heap before
{Heap before GC invocations=6 (full 1):
 PSYoungGen      total 100352K, used 44731K [0x00000000d7f80000, 0x00000000e0380000, 0x0000000100000000)
  eden space 95232K, 41% used [0x00000000d7f80000,0x00000000da630d78,0x00000000ddc80000)
  from space 5120K, 99% used [0x00000000dfe80000,0x00000000e037e110,0x00000000e0380000)
  to   space 5120K, 0% used [0x00000000df980000,0x00000000df980000,0x00000000dfe80000)
 ParOldGen       total 74752K, used 25453K [0x0000000087e00000, 0x000000008c700000, 0x00000000d7f80000)
  object space 74752K, 34% used [0x0000000087e00000,0x00000000896db608,0x000000008c700000)
 Metaspace       used 34674K, capacity 35218K, committed 35416K, reserved 1079296K
  class space    used 4630K, capacity 4801K, committed 4864K, reserved 1048576K
Event: 5.385 GC heap after
Heap after GC invocations=6 (full 1):
 PSYoungGen      total 130048K, used 5116K [0x00000000d7f80000, 0x00000000e3680000, 0x0000000100000000)
  eden space 124928K, 0% used [0x00000000d7f80000,0x00000000d7f80000,0x00000000df980000)
  from space 5120K, 99% used [0x00000000df980000,0x00000000dfe7f0d0,0x00000000dfe80000)
  to   space 19456K, 0% used [0x00000000e2380000,0x00000000e2380000,0x00000000e3680000)
 ParOldGen       total 74752K, used 35597K [0x0000000087e00000, 0x000000008c700000, 0x00000000d7f80000)
  object space 74752K, 47% used [0x0000000087e00000,0x000000008a0c3428,0x000000008c700000)
 Metaspace       used 34674K, capacity 35218K, committed 35416K, reserved 1079296K
  class space    used 4630K, capacity 4801K, committed 4864K, reserved 1048576K
}
Event: 5.385 GC heap before
{Heap before GC invocations=7 (full 2):
 PSYoungGen      total 130048K, used 5116K [0x00000000d7f80000, 0x00000000e3680000, 0x0000000100000000)
  eden space 124928K, 0% used [0x00000000d7f80000,0x00000000d7f80000,0x00000000df980000)
  from space 5120K, 99% used [0x00000000df980000,0x00000000dfe7f0d0,0x00000000dfe80000)
  to   space 19456K, 0% used [0x00000000e2380000,0x00000000e2380000,0x00000000e3680000)
 ParOldGen       total 74752K, used 35597K [0x0000000087e00000, 0x000000008c700000, 0x00000000d7f80000)
  object space 74752K, 47% used [0x0000000087e00000,0x000000008a0c3428,0x000000008c700000)
 Metaspace       used 34674K, capacity 35218K, committed 35416K, reserved 1079296K
  class space    used 4630K, capacity 4801K, committed 4864K, reserved 1048576K
Event: 5.484 GC heap after
Heap after GC invocations=7 (full 2):
 PSYoungGen      total 130048K, used 0K [0x00000000d7f80000, 0x00000000e3680000, 0x0000000100000000)
  eden space 124928K, 0% used [0x00000000d7f80000,0x00000000d7f80000,0x00000000df980000)
  from space 5120K, 0% used [0x00000000df980000,0x00000000df980000,0x00000000dfe80000)
  to   space 19456K, 0% used [0x00000000e2380000,0x00000000e2380000,0x00000000e3680000)
 ParOldGen       total 111104K, used 28881K [0x0000000087e00000, 0x000000008ea80000, 0x00000000d7f80000)
  object space 111104K, 25% used [0x0000000087e00000,0x0000000089a34640,0x000000008ea80000)
 Metaspace       used 34674K, capacity 35218K, committed 35416K, reserved 1079296K
  class space    used 4630K, capacity 4801K, committed 4864K, reserved 1048576K
}
Event: 10.160 GC heap before
{Heap before GC invocations=8 (full 2):
 PSYoungGen      total 130048K, used 124928K [0x00000000d7f80000, 0x00000000e3680000, 0x0000000100000000)
  eden space 124928K, 100% used [0x00000000d7f80000,0x00000000df980000,0x00000000df980000)
  from space 5120K, 0% used [0x00000000df980000,0x00000000df980000,0x00000000dfe80000)
  to   space 19456K, 0% used [0x00000000e2380000,0x00000000e2380000,0x00000000e3680000)
 ParOldGen       total 111104K, used 28881K [0x0000000087e00000, 0x000000008ea80000, 0x00000000d7f80000)
  object space 111104K, 25% used [0x0000000087e00000,0x0000000089a34640,0x000000008ea80000)
 Metaspace       used 42890K, capacity 43612K, committed 44032K, reserved 1087488K
  class space    used 5615K, capacity 5836K, committed 5888K, reserved 1048576K
Event: 10.196 GC heap after
Heap after GC invocations=8 (full 2):
 PSYoungGen      total 161280K, used 19440K [0x00000000d7f80000, 0x00000000e6580000, 0x0000000100000000)
  eden space 141824K, 0% used [0x00000000d7f80000,0x00000000d7f80000,0x00000000e0a00000)
  from space 19456K, 99% used [0x00000000e2380000,0x00000000e367c308,0x00000000e3680000)
  to   space 26112K, 0% used [0x00000000e0a00000,0x00000000e0a00000,0x00000000e2380000)
 ParOldGen       total 111104K, used 35073K [0x0000000087e00000, 0x000000008ea80000, 0x00000000d7f80000)
  object space 111104K, 31% used [0x0000000087e00000,0x000000008a040670,0x000000008ea80000)
 Metaspace       used 42890K, capacity 43612K, committed 44032K, reserved 1087488K
  class space    used 5615K, capacity 5836K, committed 5888K, reserved 1048576K
}

