# JRE version: Java(TM) SE Runtime Environment (8.0_212-b10) (build 1.8.0_212-b10)
# Java VM: Java HotSpot(TM) 64-Bit Server VM (25.212-b10 mixed mode linux-aarch64 compressed oops)
Heap:
 PSYoungGen      total 153600K, used 121921K [0x00000000d7f80000, 0x00000000e5900000, 0x0000000100000000)
  eden space 133632K, 76% used [0x00000000d7f80000,0x00000000de316d58,0x00000000e0200000)
  from space 19968K, 99% used [0x00000000e1b00000,0x00000000e2e79a20,0x00000000e2e80000)
  to   space 25600K, 0% used [0x00000000e0200000,0x00000000e0200000,0x00000000e1b00000)
 ParOldGen       total 116224K, used 34328K [0x0000000087e00000, 0x000000008ef80000, 0x00000000d7f80000)
  object space 116224K, 29% used [0x0000000087e00000,0x0000000089f861d0,0x000000008ef80000)
 Metaspace       used 47440K, capacity 48362K, committed 48512K, reserved 1091584K
  class space    used 6197K, capacity 6447K, committed 6528K, reserved 1048576K
GC Heap History (10 events):
Event: 3.037 GC heap before
{Heap before GC invocations=4 (full 1):
 PSYoungGen      total 67584K, used 5098K [0x00000000d7f80000, 0x00000000e0380000, 0x0000000100000000)
  eden space 62464K, 0% used [0x00000000d7f80000,0x00000000d7f80000,0x00000000dbc80000)
  from space 5120K, 99% used [0x00000000dbc80000,0x00000000dc17aad8,0x00000000dc180000)
  to   space 5120K, 0% used [0x00000000dfe80000,0x00000000dfe80000,0x00000000e0380000)
 ParOldGen       total 83456K, used 18191K [0x0000000087e00000, 0x000000008cf80000, 0x00000000d7f80000)
  object space 83456K, 21% used [0x0000000087e00000,0x0000000088fc3d60,0x000000008cf80000)
 Metaspace       used 20615K, capacity 21056K, committed 21248K, reserved 1067008K
  class space    used 2540K, capacity 2690K, committed 2816K, reserved 1048576K
Event: 3.109 GC heap after
Heap after GC invocations=4 (full 1):
 PSYoungGen      total 67584K, used 0K [0x00000000d7f80000, 0x00000000e0380000, 0x0000000100000000)
  eden space 62464K, 0% used [0x00000000d7f80000,0x00000000d7f80000,0x00000000dbc80000)
  from space 5120K, 0% used [0x00000000dbc80000,0x00000000dbc80000,0x00000000dc180000)
  to   space 5120K, 0% used [0x00000000dfe80000,0x00000000dfe80000,0x00000000e0380000)
 ParOldGen       total 74752K, used 16408K [0x0000000087e00000, 0x000000008c700000, 0x00000000d7f80000)
  object space 74752K, 21% used [0x0000000087e00000,0x0000000088e06118,0x000000008c700000)
 Metaspace       used 20615K, capacity 21056K, committed 21248K, reserved 1067008K
  class space    used 2540K, capacity 2690K, committed 2816K, reserved 1048576K
}
Event: 5.218 GC heap before
{Heap before GC invocations=5 (full 1):
 PSYoungGen      total 67584K, used 62464K [0x00000000d7f80000, 0x00000000e0380000, 0x0000000100000000)
  eden space 62464K, 100% used [0x00000000d7f80000,0x00000000dbc80000,0x00000000dbc80000)
  from space 5120K, 0% used [0x00000000dbc80000,0x00000000dbc80000,0x00000000dc180000)
  to   space 5120K, 0% used [0x00000000dfe80000,0x00000000dfe80000,0x00000000e0380000)
 ParOldGen       total 74752K, used 16408K [0x0000000087e00000, 0x000000008c700000, 0x00000000d7f80000)
  object space 74752K, 21% used [0x0000000087e00000,0x0000000088e06118,0x000000008c700000)
 Metaspace       used 29143K, capacity 29650K, committed 29952K, reserved 1075200K
  class space    used 4086K, capacity 4251K, committed 4352K, reserved 1048576K
Event: 5.237 GC heap after
Heap after GC invocations=5 (full 1):
 PSYoungGen      total 98816K, used 5112K [0x00000000d7f80000, 0x00000000e0380000, 0x0000000100000000)
  eden space 93696K, 0% used [0x00000000d7f80000,0x00000000d7f80000,0x00000000ddb00000)
  from space 5120K, 99% used [0x00000000dfe80000,0x00000000e037e110,0x00000000e0380000)
  to   space 5120K, 0% used [0x00000000df980000,0x00000000df980000,0x00000000dfe80000)
 ParOldGen       total 74752K, used 25636K [0x0000000087e00000, 0x000000008c700000, 0x00000000d7f80000)
  object space 74752K, 34% used [0x0000000087e00000,0x00000000897090b0,0x000000008c700000)
 Metaspace       used 29143K, capacity 29650K, committed 29952K, reserved 1075200K
  class space    used 4086K, capacity 4251K, committed 4352K, reserved 1048576K
}
Event: 6.189 GC heap before
{Heap before GC invocations=6 (full 1):
 PSYoungGen      total 98816K, used 44657K [0x00000000d7f80000, 0x00000000e0380000, 0x0000000100000000)
  eden space 93696K, 42% used [0x00000000d7f80000,0x00000000da61e500,0x00000000ddb00000)
  from space 5120K, 99% used [0x00000000dfe80000,0x00000000e037e110,0x00000000e0380000)
  to   space 5120K, 0% used [0x00000000df980000,0x00000000df980000,0x00000000dfe80000)
 ParOldGen       total 74752K, used 25636K [0x0000000087e00000, 0x000000008c700000, 0x00000000d7f80000)
  object space 74752K, 34% used [0x0000000087e00000,0x00000000897090b0,0x000000008c700000)
 Metaspace       used 34748K, capacity 35220K, committed 35416K, reserved 1079296K
  class space    used 4645K, capacity 4802K, committed 4864K, reserved 1048576K
Event: 6.206 GC heap after
Heap after GC invocations=6 (full 1):
 PSYoungGen      total 130048K, used 5117K [0x00000000d7f80000, 0x00000000e2e80000, 0x0000000100000000)
  eden space 124928K, 0% used [0x00000000d7f80000,0x00000000d7f80000,0x00000000df980000)
  from space 5120K, 99% used [0x00000000df980000,0x00000000dfe7f668,0x00000000dfe80000)
  to   space 19968K, 0% used [0x00000000e1b00000,0x00000000e1b00000,0x00000000e2e80000)
 ParOldGen       total 74752K, used 35772K [0x0000000087e00000, 0x000000008c700000, 0x00000000d7f80000)
  object space 74752K, 47% used [0x0000000087e00000,0x000000008a0ef1b8,0x000000008c700000)
 Metaspace       used 34748K, capacity 35220K, committed 35416K, reserved 1079296K
  class space    used 4645K, capacity 4802K, committed 4864K, reserved 1048576K
}
Event: 6.206 GC heap before
{Heap before GC invocations=7 (full 2):
 PSYoungGen      total 130048K, used 5117K [0x00000000d7f80000, 0x00000000e2e80000, 0x0000000100000000)
  eden space 124928K, 0% used [0x00000000d7f80000,0x00000000d7f80000,0x00000000df980000)
  from space 5120K, 99% used [0x00000000df980000,0x00000000dfe7f668,0x00000000dfe80000)
  to   space 19968K, 0% used [0x00000000e1b00000,0x00000000e1b00000,0x00000000e2e80000)
 ParOldGen       total 74752K, used 35772K [0x0000000087e00000, 0x000000008c700000, 0x00000000d7f80000)
  object space 74752K, 47% used [0x0000000087e00000,0x000000008a0ef1b8,0x000000008c700000)
 Metaspace       used 34748K, capacity 35220K, committed 35416K, reserved 1079296K
  class space    used 4645K, capacity 4802K, committed 4864K, reserved 1048576K
Event: 6.333 GC heap after
Heap after GC invocations=7 (full 2):
 PSYoungGen      total 130048K, used 0K [0x00000000d7f80000, 0x00000000e2e80000, 0x0000000100000000)
  eden space 124928K, 0% used [0x00000000d7f80000,0x00000000d7f80000,0x00000000df980000)
  from space 5120K, 0% used [0x00000000df980000,0x00000000df980000,0x00000000dfe80000)
  to   space 19968K, 0% used [0x00000000e1b00000,0x00000000e1b00000,0x00000000e2e80000)
 ParOldGen       total 116224K, used 28932K [0x0000000087e00000, 0x000000008ef80000, 0x00000000d7f80000)
  object space 116224K, 24% used [0x0000000087e00000,0x0000000089a41328,0x000000008ef80000)
 Metaspace       used 34748K, capacity 35220K, committed 35416K, reserved 1079296K
  class space    used 4645K, capacity 4802K, committed 4864K, reserved 1048576K
}
Event: 11.864 GC heap before
{Heap before GC invocations=8 (full 2):
 PSYoungGen      total 130048K, used 124928K [0x00000000d7f80000, 0x00000000e2e80000, 0x0000000100000000)
  eden space 124928K, 100% used [0x00000000d7f80000,0x00000000df980000,0x00000000df980000)
  from space 5120K, 0% used [0x00000000df980000,0x00000000df980000,0x00000000dfe80000)
  to   space 19968K, 0% used [0x00000000e1b00000,0x00000000e1b00000,0x00000000e2e80000)
 ParOldGen       total 116224K, used 28932K [0x0000000087e00000, 0x000000008ef80000, 0x00000000d7f80000)
  object space 116224K, 24% used [0x0000000087e00000,0x0000000089a41328,0x000000008ef80000)
 Metaspace       used 42888K, capacity 43612K, committed 44032K, reserved 1087488K
  class space    used 5615K, capacity 5836K, committed 5888K, reserved 1048576K
Event: 11.911 GC heap after
Heap after GC invocations=8 (full 2):
 PSYoungGen      total 153600K, used 19942K [0x00000000d7f80000, 0x00000000e5900000, 0x0000000100000000)
  eden space 133632K, 0% used [0x00000000d7f80000,0x00000000d7f80000,0x00000000e0200000)
  from space 19968K, 99% used [0x00000000e1b00000,0x00000000e2e79a20,0x00000000e2e80000)
  to   space 25600K, 0% used [0x00000000e0200000,0x00000000e0200000,0x00000000e1b00000)
 ParOldGen       total 116224K, used 34328K [0x0000000087e00000, 0x000000008ef80000, 0x00000000d7f80000)
  object space 116224K, 29% used [0x0000000087e00000,0x0000000089f861d0,0x000000008ef80000)
 Metaspace       used 42888K, capacity 43612K, committed 44032K, reserved 1087488K
  class space    used 5615K, capacity 5836K, committed 5888K, reserved 1048576K
}

