# JRE version: Java(TM) SE Runtime Environment (8.0_212-b10) (build 1.8.0_212-b10)
# Java VM: Java HotSpot(TM) 64-Bit Server VM (25.212-b10 mixed mode linux-aarch64 compressed oops)
Heap:
 PSYoungGen      total 160256K, used 154434K [0x00000000d7f80000, 0x00000000e5d80000, 0x0000000100000000)
  eden space 140288K, 95% used [0x00000000d7f80000,0x00000000e02d1260,0x00000000e0880000)
  from space 19968K, 99% used [0x00000000e2200000,0x00000000e357f688,0x00000000e3580000)
  to   space 26112K, 0% used [0x00000000e0880000,0x00000000e0880000,0x00000000e2200000)
 ParOldGen       total 113664K, used 34582K [0x0000000087e00000, 0x000000008ed00000, 0x00000000d7f80000)
  object space 113664K, 30% used [0x0000000087e00000,0x0000000089fc5980,0x000000008ed00000)
 Metaspace       used 48260K, capacity 49156K, committed 49408K, reserved 1091584K
  class space    used 6286K, capacity 6560K, committed 6656K, reserved 1048576K
GC Heap History (10 events):
Event: 3.757 GC heap before
{Heap before GC invocations=4 (full 1):
 PSYoungGen      total 67584K, used 5114K [0x00000000d7f80000, 0x00000000e0380000, 0x0000000100000000)
  eden space 62464K, 0% used [0x00000000d7f80000,0x00000000d7f80000,0x00000000dbc80000)
  from space 5120K, 99% used [0x00000000dbc80000,0x00000000dc17eac8,0x00000000dc180000)
  to   space 5120K, 0% used [0x00000000dfe80000,0x00000000dfe80000,0x00000000e0380000)
 ParOldGen       total 83456K, used 18176K [0x0000000087e00000, 0x000000008cf80000, 0x00000000d7f80000)
  object space 83456K, 21% used [0x0000000087e00000,0x0000000088fc02c8,0x000000008cf80000)
 Metaspace       used 20614K, capacity 21056K, committed 21248K, reserved 1067008K
  class space    used 2541K, capacity 2690K, committed 2816K, reserved 1048576K
Event: 3.823 GC heap after
Heap after GC invocations=4 (full 1):
 PSYoungGen      total 67584K, used 0K [0x00000000d7f80000, 0x00000000e0380000, 0x0000000100000000)
  eden space 62464K, 0% used [0x00000000d7f80000,0x00000000d7f80000,0x00000000dbc80000)
  from space 5120K, 0% used [0x00000000dbc80000,0x00000000dbc80000,0x00000000dc180000)
  to   space 5120K, 0% used [0x00000000dfe80000,0x00000000dfe80000,0x00000000e0380000)
 ParOldGen       total 74240K, used 16408K [0x0000000087e00000, 0x000000008c680000, 0x00000000d7f80000)
  object space 74240K, 22% used [0x0000000087e00000,0x0000000088e06118,0x000000008c680000)
 Metaspace       used 20614K, capacity 21056K, committed 21248K, reserved 1067008K
  class space    used 2541K, capacity 2690K, committed 2816K, reserved 1048576K
}
Event: 6.064 GC heap before
{Heap before GC invocations=5 (full 1):
 PSYoungGen      total 67584K, used 62464K [0x00000000d7f80000, 0x00000000e0380000, 0x0000000100000000)
  eden space 62464K, 100% used [0x00000000d7f80000,0x00000000dbc80000,0x00000000dbc80000)
  from space 5120K, 0% used [0x00000000dbc80000,0x00000000dbc80000,0x00000000dc180000)
  to   space 5120K, 0% used [0x00000000dfe80000,0x00000000dfe80000,0x00000000e0380000)
 ParOldGen       total 74240K, used 16408K [0x0000000087e00000, 0x000000008c680000, 0x00000000d7f80000)
  object space 74240K, 22% used [0x0000000087e00000,0x0000000088e06118,0x000000008c680000)
 Metaspace       used 29044K, capacity 29586K, committed 29952K, reserved 1075200K
  class space    used 4075K, capacity 4251K, committed 4352K, reserved 1048576K
Event: 6.092 GC heap after
Heap after GC invocations=5 (full 1):
 PSYoungGen      total 100864K, used 5112K [0x00000000d7f80000, 0x00000000e0380000, 0x0000000100000000)
  eden space 95744K, 0% used [0x00000000d7f80000,0x00000000d7f80000,0x00000000ddd00000)
  from space 5120K, 99% used [0x00000000dfe80000,0x00000000e037e110,0x00000000e0380000)
  to   space 5120K, 0% used [0x00000000df980000,0x00000000df980000,0x00000000dfe80000)
 ParOldGen       total 74240K, used 25445K [0x0000000087e00000, 0x000000008c680000, 0x00000000d7f80000)
  object space 74240K, 34% used [0x0000000087e00000,0x00000000896d95d8,0x000000008c680000)
 Metaspace       used 29044K, capacity 29586K, committed 29952K, reserved 1075200K
  class space    used 4075K, capacity 4251K, committed 4352K, reserved 1048576K
}
Event: 7.184 GC heap before
{Heap before GC invocations=6 (full 1):
 PSYoungGen      total 100864K, used 44993K [0x00000000d7f80000, 0x00000000e0380000, 0x0000000100000000)
  eden space 95744K, 41% used [0x00000000d7f80000,0x00000000da672320,0x00000000ddd00000)
  from space 5120K, 99% used [0x00000000dfe80000,0x00000000e037e110,0x00000000e0380000)
  to   space 5120K, 0% used [0x00000000df980000,0x00000000df980000,0x00000000dfe80000)
 ParOldGen       total 74240K, used 25445K [0x0000000087e00000, 0x000000008c680000, 0x00000000d7f80000)
  object space 74240K, 34% used [0x0000000087e00000,0x00000000896d95d8,0x000000008c680000)
 Metaspace       used 34740K, capacity 35220K, committed 35416K, reserved 1079296K
  class space    used 4643K, capacity 4802K, committed 4864K, reserved 1048576K
Event: 7.206 GC heap after
Heap after GC invocations=6 (full 1):
 PSYoungGen      total 130048K, used 5096K [0x00000000d7f80000, 0x00000000e3580000, 0x0000000100000000)
  eden space 124928K, 0% used [0x00000000d7f80000,0x00000000d7f80000,0x00000000df980000)
  from space 5120K, 99% used [0x00000000df980000,0x00000000dfe7a0c0,0x00000000dfe80000)
  to   space 19968K, 0% used [0x00000000e2200000,0x00000000e2200000,0x00000000e3580000)
 ParOldGen       total 74240K, used 35762K [0x0000000087e00000, 0x000000008c680000, 0x00000000d7f80000)
  object space 74240K, 48% used [0x0000000087e00000,0x000000008a0eca68,0x000000008c680000)
 Metaspace       used 34740K, capacity 35220K, committed 35416K, reserved 1079296K
  class space    used 4643K, capacity 4802K, committed 4864K, reserved 1048576K
}
Event: 7.206 GC heap before
{Heap before GC invocations=7 (full 2):
 PSYoungGen      total 130048K, used 5096K [0x00000000d7f80000, 0x00000000e3580000, 0x0000000100000000)
  eden space 124928K, 0% used [0x00000000d7f80000,0x00000000d7f80000,0x00000000df980000)
  from space 5120K, 99% used [0x00000000df980000,0x00000000dfe7a0c0,0x00000000dfe80000)
  to   space 19968K, 0% used [0x00000000e2200000,0x00000000e2200000,0x00000000e3580000)
 ParOldGen       total 74240K, used 35762K [0x0000000087e00000, 0x000000008c680000, 0x00000000d7f80000)
  object space 74240K, 48% used [0x0000000087e00000,0x000000008a0eca68,0x000000008c680000)
 Metaspace       used 34740K, capacity 35220K, committed 35416K, reserved 1079296K
  class space    used 4643K, capacity 4802K, committed 4864K, reserved 1048576K
Event: 7.310 GC heap after
Heap after GC invocations=7 (full 2):
 PSYoungGen      total 130048K, used 0K [0x00000000d7f80000, 0x00000000e3580000, 0x0000000100000000)
  eden space 124928K, 0% used [0x00000000d7f80000,0x00000000d7f80000,0x00000000df980000)
  from space 5120K, 0% used [0x00000000df980000,0x00000000df980000,0x00000000dfe80000)
  to   space 19968K, 0% used [0x00000000e2200000,0x00000000e2200000,0x00000000e3580000)
 ParOldGen       total 113664K, used 28990K [0x0000000087e00000, 0x000000008ed00000, 0x00000000d7f80000)
  object space 113664K, 25% used [0x0000000087e00000,0x0000000089a4f998,0x000000008ed00000)
 Metaspace       used 34740K, capacity 35220K, committed 35416K, reserved 1079296K
  class space    used 4643K, capacity 4802K, committed 4864K, reserved 1048576K
}
Event: 13.711 GC heap before
{Heap before GC invocations=8 (full 2):
 PSYoungGen      total 130048K, used 124928K [0x00000000d7f80000, 0x00000000e3580000, 0x0000000100000000)
  eden space 124928K, 100% used [0x00000000d7f80000,0x00000000df980000,0x00000000df980000)
  from space 5120K, 0% used [0x00000000df980000,0x00000000df980000,0x00000000dfe80000)
  to   space 19968K, 0% used [0x00000000e2200000,0x00000000e2200000,0x00000000e3580000)
 ParOldGen       total 113664K, used 28990K [0x0000000087e00000, 0x000000008ed00000, 0x00000000d7f80000)
  object space 113664K, 25% used [0x0000000087e00000,0x0000000089a4f998,0x000000008ed00000)
 Metaspace       used 42888K, capacity 43612K, committed 44032K, reserved 1087488K
  class space    used 5616K, capacity 5836K, committed 5888K, reserved 1048576K
Event: 13.740 GC heap after
Heap after GC invocations=8 (full 2):
 PSYoungGen      total 160256K, used 19965K [0x00000000d7f80000, 0x00000000e5d80000, 0x0000000100000000)
  eden space 140288K, 0% used [0x00000000d7f80000,0x00000000d7f80000,0x00000000e0880000)
  from space 19968K, 99% used [0x00000000e2200000,0x00000000e357f688,0x00000000e3580000)
  to   space 26112K, 0% used [0x00000000e0880000,0x00000000e0880000,0x00000000e2200000)
 ParOldGen       total 113664K, used 34582K [0x0000000087e00000, 0x000000008ed00000, 0x00000000d7f80000)
  object space 113664K, 30% used [0x0000000087e00000,0x0000000089fc5980,0x000000008ed00000)
 Metaspace       used 42888K, capacity 43612K, committed 44032K, reserved 1087488K
  class space    used 5616K, capacity 5836K, committed 5888K, reserved 1048576K
}

