# JRE version: Java(TM) SE Runtime Environment (8.0_212-b10) (build 1.8.0_212-b10)
# Java VM: Java HotSpot(TM) 64-Bit Server VM (25.212-b10 mixed mode linux-aarch64 compressed oops)
Heap:
 PSYoungGen      total 164864K, used 156175K [0x00000000d7f80000, 0x00000000e5c80000, 0x0000000100000000)
  eden space 145408K, 94% used [0x00000000d7f80000,0x00000000e0504528,0x00000000e0d80000)
  from space 19456K, 99% used [0x00000000e2680000,0x00000000e397f700,0x00000000e3980000)
  to   space 25600K, 0% used [0x00000000e0d80000,0x00000000e0d80000,0x00000000e2680000)
 ParOldGen       total 113664K, used 34671K [0x0000000087e00000, 0x000000008ed00000, 0x00000000d7f80000)
  object space 113664K, 30% used [0x0000000087e00000,0x0000000089fdbf70,0x000000008ed00000)
 Metaspace       used 48254K, capacity 49156K, committed 49408K, reserved 1091584K
  class space    used 6286K, capacity 6560K, committed 6656K, reserved 1048576K
GC Heap History (10 events):
Event: 3.796 GC heap before
{Heap before GC invocations=4 (full 1):
 PSYoungGen      total 67584K, used 5098K [0x00000000d7f80000, 0x00000000e0380000, 0x0000000100000000)
  eden space 62464K, 0% used [0x00000000d7f80000,0x00000000d7f80000,0x00000000dbc80000)
  from space 5120K, 99% used [0x00000000dbc80000,0x00000000dc17aab8,0x00000000dc180000)
  to   space 5120K, 0% used [0x00000000dfe80000,0x00000000dfe80000,0x00000000e0380000)
 ParOldGen       total 83456K, used 18261K [0x0000000087e00000, 0x000000008cf80000, 0x00000000d7f80000)
  object space 83456K, 21% used [0x0000000087e00000,0x0000000088fd55c8,0x000000008cf80000)
 Metaspace       used 20614K, capacity 21056K, committed 21248K, reserved 1067008K
  class space    used 2540K, capacity 2690K, committed 2816K, reserved 1048576K
Event: 3.864 GC heap after
Heap after GC invocations=4 (full 1):
 PSYoungGen      total 67584K, used 0K [0x00000000d7f80000, 0x00000000e0380000, 0x0000000100000000)
  eden space 62464K, 0% used [0x00000000d7f80000,0x00000000d7f80000,0x00000000dbc80000)
  from space 5120K, 0% used [0x00000000dbc80000,0x00000000dbc80000,0x00000000dc180000)
  to   space 5120K, 0% used [0x00000000dfe80000,0x00000000dfe80000,0x00000000e0380000)
 ParOldGen       total 74240K, used 16408K [0x0000000087e00000, 0x000000008c680000, 0x00000000d7f80000)
  object space 74240K, 22% used [0x0000000087e00000,0x0000000088e06110,0x000000008c680000)
 Metaspace       used 20614K, capacity 21056K, committed 21248K, reserved 1067008K
  class space    used 2540K, capacity 2690K, committed 2816K, reserved 1048576K
}
Event: 6.435 GC heap before
{Heap before GC invocations=5 (full 1):
 PSYoungGen      total 67584K, used 62464K [0x00000000d7f80000, 0x00000000e0380000, 0x0000000100000000)
  eden space 62464K, 100% used [0x00000000d7f80000,0x00000000dbc80000,0x00000000dbc80000)
  from space 5120K, 0% used [0x00000000dbc80000,0x00000000dbc80000,0x00000000dc180000)
  to   space 5120K, 0% used [0x00000000dfe80000,0x00000000dfe80000,0x00000000e0380000)
 ParOldGen       total 74240K, used 16408K [0x0000000087e00000, 0x000000008c680000, 0x00000000d7f80000)
  object space 74240K, 22% used [0x0000000087e00000,0x0000000088e06110,0x000000008c680000)
 Metaspace       used 29144K, capacity 29650K, committed 29952K, reserved 1075200K
  class space    used 4085K, capacity 4251K, committed 4352K, reserved 1048576K
Event: 6.477 GC heap after
Heap after GC invocations=5 (full 1):
 PSYoungGen      total 101888K, used 5092K [0x00000000d7f80000, 0x00000000e0380000, 0x0000000100000000)
  eden space 96768K, 0% used [0x00000000d7f80000,0x00000000d7f80000,0x00000000dde00000)
  from space 5120K, 99% used [0x00000000dfe80000,0x00000000e0379100,0x00000000e0380000)
  to   space 5120K, 0% used [0x00000000df980000,0x00000000df980000,0x00000000dfe80000)
 ParOldGen       total 74240K, used 25647K [0x0000000087e00000, 0x000000008c680000, 0x00000000d7f80000)
  object space 74240K, 34% used [0x0000000087e00000,0x000000008970bed8,0x000000008c680000)
 Metaspace       used 29144K, capacity 29650K, committed 29952K, reserved 1075200K
  class space    used 4085K, capacity 4251K, committed 4352K, reserved 1048576K
}
Event: 7.712 GC heap before
{Heap before GC invocations=6 (full 1):
 PSYoungGen      total 101888K, used 44021K [0x00000000d7f80000, 0x00000000e0380000, 0x0000000100000000)
  eden space 96768K, 40% used [0x00000000d7f80000,0x00000000da584448,0x00000000dde00000)
  from space 5120K, 99% used [0x00000000dfe80000,0x00000000e0379100,0x00000000e0380000)
  to   space 5120K, 0% used [0x00000000df980000,0x00000000df980000,0x00000000dfe80000)
 ParOldGen       total 74240K, used 25647K [0x0000000087e00000, 0x000000008c680000, 0x00000000d7f80000)
  object space 74240K, 34% used [0x0000000087e00000,0x000000008970bed8,0x000000008c680000)
 Metaspace       used 34685K, capacity 35218K, committed 35416K, reserved 1079296K
  class space    used 4633K, capacity 4801K, committed 4864K, reserved 1048576K
Event: 7.749 GC heap after
Heap after GC invocations=6 (full 1):
 PSYoungGen      total 130048K, used 5092K [0x00000000d7f80000, 0x00000000e3980000, 0x0000000100000000)
  eden space 124928K, 0% used [0x00000000d7f80000,0x00000000d7f80000,0x00000000df980000)
  from space 5120K, 99% used [0x00000000df980000,0x00000000dfe79100,0x00000000dfe80000)
  to   space 19456K, 0% used [0x00000000e2680000,0x00000000e2680000,0x00000000e3980000)
 ParOldGen       total 74240K, used 35627K [0x0000000087e00000, 0x000000008c680000, 0x00000000d7f80000)
  object space 74240K, 47% used [0x0000000087e00000,0x000000008a0caf48,0x000000008c680000)
 Metaspace       used 34685K, capacity 35218K, committed 35416K, reserved 1079296K
  class space    used 4633K, capacity 4801K, committed 4864K, reserved 1048576K
}
Event: 7.749 GC heap before
{Heap before GC invocations=7 (full 2):
 PSYoungGen      total 130048K, used 5092K [0x00000000d7f80000, 0x00000000e3980000, 0x0000000100000000)
  eden space 124928K, 0% used [0x00000000d7f80000,0x00000000d7f80000,0x00000000df980000)
  from space 5120K, 99% used [0x00000000df980000,0x00000000dfe79100,0x00000000dfe80000)
  to   space 19456K, 0% used [0x00000000e2680000,0x00000000e2680000,0x00000000e3980000)
 ParOldGen       total 74240K, used 35627K [0x0000000087e00000, 0x000000008c680000, 0x00000000d7f80000)
  object space 74240K, 47% used [0x0000000087e00000,0x000000008a0caf48,0x000000008c680000)
 Metaspace       used 34685K, capacity 35218K, committed 35416K, reserved 1079296K
  class space    used 4633K, capacity 4801K, committed 4864K, reserved 1048576K
Event: 7.903 GC heap after
Heap after GC invocations=7 (full 2):
 PSYoungGen      total 130048K, used 0K [0x00000000d7f80000, 0x00000000e3980000, 0x0000000100000000)
  eden space 124928K, 0% used [0x00000000d7f80000,0x00000000d7f80000,0x00000000df980000)
  from space 5120K, 0% used [0x00000000df980000,0x00000000df980000,0x00000000dfe80000)
  to   space 19456K, 0% used [0x00000000e2680000,0x00000000e2680000,0x00000000e3980000)
 ParOldGen       total 113664K, used 28764K [0x0000000087e00000, 0x000000008ed00000, 0x00000000d7f80000)
  object space 113664K, 25% used [0x0000000087e00000,0x0000000089a17290,0x000000008ed00000)
 Metaspace       used 34685K, capacity 35218K, committed 35416K, reserved 1079296K
  class space    used 4633K, capacity 4801K, committed 4864K, reserved 1048576K
}
Event: 14.749 GC heap before
{Heap before GC invocations=8 (full 2):
 PSYoungGen      total 130048K, used 124928K [0x00000000d7f80000, 0x00000000e3980000, 0x0000000100000000)
  eden space 124928K, 100% used [0x00000000d7f80000,0x00000000df980000,0x00000000df980000)
  from space 5120K, 0% used [0x00000000df980000,0x00000000df980000,0x00000000dfe80000)
  to   space 19456K, 0% used [0x00000000e2680000,0x00000000e2680000,0x00000000e3980000)
 ParOldGen       total 113664K, used 28764K [0x0000000087e00000, 0x000000008ed00000, 0x00000000d7f80000)
  object space 113664K, 25% used [0x0000000087e00000,0x0000000089a17290,0x000000008ed00000)
 Metaspace       used 42882K, capacity 43612K, committed 44032K, reserved 1087488K
  class space    used 5615K, capacity 5836K, committed 5888K, reserved 1048576K
Event: 14.788 GC heap after
Heap after GC invocations=8 (full 2):
 PSYoungGen      total 164864K, used 19453K [0x00000000d7f80000, 0x00000000e5c80000, 0x0000000100000000)
  eden space 145408K, 0% used [0x00000000d7f80000,0x00000000d7f80000,0x00000000e0d80000)
  from space 19456K, 99% used [0x00000000e2680000,0x00000000e397f700,0x00000000e3980000)
  to   space 25600K, 0% used [0x00000000e0d80000,0x00000000e0d80000,0x00000000e2680000)
 ParOldGen       total 113664K, used 34671K [0x0000000087e00000, 0x000000008ed00000, 0x00000000d7f80000)
  object space 113664K, 30% used [0x0000000087e00000,0x0000000089fdbf70,0x000000008ed00000)
 Metaspace       used 42882K, capacity 43612K, committed 44032K, reserved 1087488K
  class space    used 5615K, capacity 5836K, committed 5888K, reserved 1048576K
}

